<?xml version="1.0" encoding="UTF-8"?>
<testsuite xmlns:xsi="http://www.w3.org/2001/XMLSchema-instance" xsi:noNamespaceSchemaLocation="https://maven.apache.org/surefire/maven-surefire-plugin/xsd/surefire-test-report.xsd" version="3.0.2" name="com.thanhvu.Premier.PremierApplicationTests" time="7.579" tests="1" errors="0" skipped="0" failures="0">
  <properties>
[...]
</properties>
  <testcase name="contextLoads" classname="com.thanhvu.Premier.PremierApplicationTests" time="0.429">
    <system-out><![CDATA[15:34:26.353 [main] INFO org.springframework.test.context.support.AnnotationConfigContextLoaderUtils -- Could not detect default configuration classes for test class [com.thanhvu.Premier.PremierApplicationTests]: PremierApplicationTests does not declare any static, non-private, non-final, nested classes annotated with @Configuration.
15:34:26.448 [main] INFO org.springframework.boot.test.context.SpringBootTestContextBootstrapper -- Found @SpringBootConfiguration com.thanhvu.Premier.PremierApplication for test class com.thanhvu.Premier.PremierApplicationTests
15:34:26.575 [main] INFO org.springframework.boot.devtools.restart.RestartApplicationListener -- Restart disabled due to context in which it is running

  .   ____          _            __ _ _
 /\\ / ___'_ __ _ _(_)_ __  __ _ \ \ \ \
( ( )\___ | '_ | '_| | '_ \/ _` | \ \ \ \
 \\/  ___)| |_)| | | | | || (_| |  ) ) ) )
  '  |____| .__|_| |_|_| |_\__, | / / / /
 =========|_|==============|___/=/_/_/_/

 :: Spring Boot ::                (v3.4.4)

2025-05-14T15:34:26.807+07:00 DEBUG 3748 --- [Premier] [kground-preinit] org.jboss.logging                        : Logging Provider: org.jboss.logging.Slf4jLoggerProvider found via system property
2025-05-14T15:34:26.812+07:00 DEBUG 3748 --- [Premier] [kground-preinit] o.h.v.i.xml.config.ValidationXmlParser   : Trying to load META-INF/validation.xml for XML based Validator configuration.
2025-05-14T15:34:26.813+07:00 DEBUG 3748 --- [Premier] [kground-preinit] o.h.v.i.xml.config.ResourceLoaderHelper  : Trying to load META-INF/validation.xml via TCCL
2025-05-14T15:34:26.813+07:00 DEBUG 3748 --- [Premier] [kground-preinit] o.h.v.i.xml.config.ResourceLoaderHelper  : Trying to load META-INF/validation.xml via Hibernate Validator's class loader
2025-05-14T15:34:26.814+07:00 DEBUG 3748 --- [Premier] [kground-preinit] o.h.v.i.xml.config.ValidationXmlParser   : No META-INF/validation.xml found. Using annotation based configuration only.
2025-05-14T15:34:26.818+07:00 DEBUG 3748 --- [Premier] [kground-preinit] o.h.v.i.e.resolver.TraversableResolvers  : Found jakarta.persistence.Persistence on classpath containing 'getPersistenceUtil'. Assuming JPA 2 environment. Trying to instantiate JPA aware TraversableResolver
2025-05-14T15:34:26.818+07:00 DEBUG 3748 --- [Premier] [kground-preinit] o.h.v.i.e.resolver.TraversableResolvers  : Instantiated JPA aware TraversableResolver of type org.hibernate.validator.internal.engine.resolver.JPATraversableResolver.
2025-05-14T15:34:26.832+07:00  INFO 3748 --- [Premier] [           main] c.t.Premier.PremierApplicationTests      : Starting PremierApplicationTests using Java 21.0.7 with PID 3748 (started by ThanhVu in C:\Users\ThanhVu\Desktop\PremierLeague\Backend)
2025-05-14T15:34:26.834+07:00 DEBUG 3748 --- [Premier] [           main] c.t.Premier.PremierApplicationTests      : Running with Spring Boot v3.4.4, Spring v6.2.5
2025-05-14T15:34:26.834+07:00  INFO 3748 --- [Premier] [           main] c.t.Premier.PremierApplicationTests      : No active profile set, falling back to 1 default profile: "default"
2025-05-14T15:34:26.834+07:00 DEBUG 3748 --- [Premier] [           main] o.s.boot.SpringApplication               : Loading source class com.thanhvu.Premier.PremierApplication
2025-05-14T15:34:26.835+07:00 DEBUG 3748 --- [Premier] [kground-preinit] .h.v.m.ResourceBundleMessageInterpolator : Loaded expression factory via original TCCL
2025-05-14T15:34:26.858+07:00 DEBUG 3748 --- [Premier] [           main] o.s.w.c.s.GenericWebApplicationContext   : Refreshing org.springframework.web.context.support.GenericWebApplicationContext@1e6b9a95
2025-05-14T15:34:26.875+07:00 DEBUG 3748 --- [Premier] [           main] o.s.b.f.s.DefaultListableBeanFactory     : Creating shared instance of singleton bean 'org.springframework.context.annotation.internalConfigurationAnnotationProcessor'
2025-05-14T15:34:26.891+07:00 DEBUG 3748 --- [Premier] [           main] o.s.b.f.s.DefaultListableBeanFactory     : Creating shared instance of singleton bean 'org.springframework.boot.autoconfigure.internalCachingMetadataReaderFactory'
2025-05-14T15:34:26.910+07:00 DEBUG 3748 --- [Premier] [kground-preinit] .i.e.ValidatorFactoryConfigurationHelper : HV000252: Using org.hibernate.validator.internal.engine.DefaultPropertyNodeNameProvider as property node name provider.
2025-05-14T15:34:26.915+07:00 DEBUG 3748 --- [Premier] [kground-preinit] .i.e.ValidatorFactoryConfigurationHelper : HV000234: Using org.hibernate.validator.messageinterpolation.ResourceBundleMessageInterpolator as ValidatorFactory-scoped message interpolator.
2025-05-14T15:34:26.916+07:00 DEBUG 3748 --- [Premier] [kground-preinit] .i.e.ValidatorFactoryConfigurationHelper : HV000234: Using org.hibernate.validator.internal.engine.resolver.JPATraversableResolver as ValidatorFactory-scoped traversable resolver.
2025-05-14T15:34:26.916+07:00 DEBUG 3748 --- [Premier] [kground-preinit] .i.e.ValidatorFactoryConfigurationHelper : HV000234: Using org.hibernate.validator.internal.util.ExecutableParameterNameProvider as ValidatorFactory-scoped parameter name provider.
2025-05-14T15:34:26.916+07:00 DEBUG 3748 --- [Premier] [kground-preinit] .i.e.ValidatorFactoryConfigurationHelper : HV000234: Using org.hibernate.validator.internal.engine.DefaultClockProvider as ValidatorFactory-scoped clock provider.
2025-05-14T15:34:26.916+07:00 DEBUG 3748 --- [Premier] [kground-preinit] .i.e.ValidatorFactoryConfigurationHelper : HV000234: Using org.hibernate.validator.internal.engine.scripting.DefaultScriptEvaluatorFactory as ValidatorFactory-scoped script evaluator factory.
2025-05-14T15:34:26.924+07:00 DEBUG 3748 --- [Premier] [           main] o.s.c.a.ClassPathBeanDefinitionScanner   : Identified candidate component class: file [C:\Users\ThanhVu\Desktop\PremierLeague\Backend\target\classes\com\thanhvu\Premier\config\InitAdmin.class]
2025-05-14T15:34:26.924+07:00 DEBUG 3748 --- [Premier] [           main] o.s.c.a.ClassPathBeanDefinitionScanner   : Identified candidate component class: file [C:\Users\ThanhVu\Desktop\PremierLeague\Backend\target\classes\com\thanhvu\Premier\config\PasswordConfig.class]
2025-05-14T15:34:26.930+07:00 DEBUG 3748 --- [Premier] [           main] o.s.c.a.ClassPathBeanDefinitionScanner   : Identified candidate component class: file [C:\Users\ThanhVu\Desktop\PremierLeague\Backend\target\classes\com\thanhvu\Premier\config\SecurityConfig.class]
2025-05-14T15:34:26.942+07:00 DEBUG 3748 --- [Premier] [           main] o.s.c.a.ClassPathBeanDefinitionScanner   : Identified candidate component class: file [C:\Users\ThanhVu\Desktop\PremierLeague\Backend\target\classes\com\thanhvu\Premier\controller\AuthenticationController.class]
2025-05-14T15:34:26.944+07:00 DEBUG 3748 --- [Premier] [           main] o.s.c.a.ClassPathBeanDefinitionScanner   : Identified candidate component class: file [C:\Users\ThanhVu\Desktop\PremierLeague\Backend\target\classes\com\thanhvu\Premier\controller\NewsController.class]
2025-05-14T15:34:26.945+07:00 DEBUG 3748 --- [Premier] [           main] o.s.c.a.ClassPathBeanDefinitionScanner   : Identified candidate component class: file [C:\Users\ThanhVu\Desktop\PremierLeague\Backend\target\classes\com\thanhvu\Premier\controller\StadiumController.class]
2025-05-14T15:34:26.946+07:00 DEBUG 3748 --- [Premier] [           main] o.s.c.a.ClassPathBeanDefinitionScanner   : Identified candidate component class: file [C:\Users\ThanhVu\Desktop\PremierLeague\Backend\target\classes\com\thanhvu\Premier\controller\TeamController.class]
2025-05-14T15:34:26.947+07:00 DEBUG 3748 --- [Premier] [           main] o.s.c.a.ClassPathBeanDefinitionScanner   : Identified candidate component class: file [C:\Users\ThanhVu\Desktop\PremierLeague\Backend\target\classes\com\thanhvu\Premier\controller\UserController.class]
2025-05-14T15:34:26.969+07:00 DEBUG 3748 --- [Premier] [           main] o.s.c.a.ClassPathBeanDefinitionScanner   : Identified candidate component class: file [C:\Users\ThanhVu\Desktop\PremierLeague\Backend\target\classes\com\thanhvu\Premier\exceptions\GlobalHandlerException.class]
2025-05-14T15:34:26.970+07:00 DEBUG 3748 --- [Premier] [           main] o.s.c.a.ClassPathBeanDefinitionScanner   : Identified candidate component class: file [C:\Users\ThanhVu\Desktop\PremierLeague\Backend\target\classes\com\thanhvu\Premier\mapper\NewsMapperImpl.class]
2025-05-14T15:34:26.970+07:00 DEBUG 3748 --- [Premier] [           main] o.s.c.a.ClassPathBeanDefinitionScanner   : Identified candidate component class: file [C:\Users\ThanhVu\Desktop\PremierLeague\Backend\target\classes\com\thanhvu\Premier\mapper\StadiumMapperImpl.class]
2025-05-14T15:34:26.971+07:00 DEBUG 3748 --- [Premier] [           main] o.s.c.a.ClassPathBeanDefinitionScanner   : Identified candidate component class: file [C:\Users\ThanhVu\Desktop\PremierLeague\Backend\target\classes\com\thanhvu\Premier\mapper\TeamMapperImpl.class]
2025-05-14T15:34:26.972+07:00 DEBUG 3748 --- [Premier] [           main] o.s.c.a.ClassPathBeanDefinitionScanner   : Identified candidate component class: file [C:\Users\ThanhVu\Desktop\PremierLeague\Backend\target\classes\com\thanhvu\Premier\mapper\UserMapperImpl.class]
2025-05-14T15:34:26.975+07:00 DEBUG 3748 --- [Premier] [           main] o.s.c.a.ClassPathBeanDefinitionScanner   : Ignored because not a concrete top-level class: file [C:\Users\ThanhVu\Desktop\PremierLeague\Backend\target\classes\com\thanhvu\Premier\repository\NewsRepository.class]
2025-05-14T15:34:26.975+07:00 DEBUG 3748 --- [Premier] [           main] o.s.c.a.ClassPathBeanDefinitionScanner   : Ignored because not a concrete top-level class: file [C:\Users\ThanhVu\Desktop\PremierLeague\Backend\target\classes\com\thanhvu\Premier\repository\StadiumsRepository.class]
2025-05-14T15:34:26.977+07:00 DEBUG 3748 --- [Premier] [           main] o.s.c.a.ClassPathBeanDefinitionScanner   : Ignored because not a concrete top-level class: file [C:\Users\ThanhVu\Desktop\PremierLeague\Backend\target\classes\com\thanhvu\Premier\repository\TeamRepository.class]
2025-05-14T15:34:26.977+07:00 DEBUG 3748 --- [Premier] [           main] o.s.c.a.ClassPathBeanDefinitionScanner   : Ignored because not a concrete top-level class: file [C:\Users\ThanhVu\Desktop\PremierLeague\Backend\target\classes\com\thanhvu\Premier\repository\UserRepository.class]
2025-05-14T15:34:26.978+07:00 DEBUG 3748 --- [Premier] [           main] o.s.c.a.ClassPathBeanDefinitionScanner   : Identified candidate component class: file [C:\Users\ThanhVu\Desktop\PremierLeague\Backend\target\classes\com\thanhvu\Premier\service\AuthenticationService.class]
2025-05-14T15:34:26.979+07:00 DEBUG 3748 --- [Premier] [           main] o.s.c.a.ClassPathBeanDefinitionScanner   : Identified candidate component class: file [C:\Users\ThanhVu\Desktop\PremierLeague\Backend\target\classes\com\thanhvu\Premier\service\NewsService.class]
2025-05-14T15:34:26.980+07:00 DEBUG 3748 --- [Premier] [           main] o.s.c.a.ClassPathBeanDefinitionScanner   : Identified candidate component class: file [C:\Users\ThanhVu\Desktop\PremierLeague\Backend\target\classes\com\thanhvu\Premier\service\SignUpService.class]
2025-05-14T15:34:26.980+07:00 DEBUG 3748 --- [Premier] [           main] o.s.c.a.ClassPathBeanDefinitionScanner   : Identified candidate component class: file [C:\Users\ThanhVu\Desktop\PremierLeague\Backend\target\classes\com\thanhvu\Premier\service\StadiumService.class]
2025-05-14T15:34:26.981+07:00 DEBUG 3748 --- [Premier] [           main] o.s.c.a.ClassPathBeanDefinitionScanner   : Identified candidate component class: file [C:\Users\ThanhVu\Desktop\PremierLeague\Backend\target\classes\com\thanhvu\Premier\service\TeamService.class]
2025-05-14T15:34:26.982+07:00 DEBUG 3748 --- [Premier] [           main] o.s.c.a.ClassPathBeanDefinitionScanner   : Identified candidate component class: file [C:\Users\ThanhVu\Desktop\PremierLeague\Backend\target\classes\com\thanhvu\Premier\service\UserService.class]
2025-05-14T15:34:27.761+07:00  INFO 3748 --- [Premier] [           main] .s.d.r.c.RepositoryConfigurationDelegate : Bootstrapping Spring Data JPA repositories in DEFAULT mode.
2025-05-14T15:34:27.768+07:00 DEBUG 3748 --- [Premier] [           main] o.s.b.f.s.DefaultListableBeanFactory     : Creating shared instance of singleton bean 'org.springframework.boot.autoconfigure.AutoConfigurationPackages'
2025-05-14T15:34:27.774+07:00 DEBUG 3748 --- [Premier] [           main] o.s.b.a.AutoConfigurationPackages        : @EnableAutoConfiguration was declared on a class in the package 'com.thanhvu.Premier'. Automatic @Repository and @Entity scanning is enabled.
2025-05-14T15:34:27.775+07:00 DEBUG 3748 --- [Premier] [           main] .s.d.r.c.RepositoryConfigurationDelegate : Scanning for JPA repositories in packages com.thanhvu.Premier.
2025-05-14T15:34:27.785+07:00 DEBUG 3748 --- [Premier] [           main] o.s.d.r.c.RepositoryComponentProvider    : Identified candidate component class: file [C:\Users\ThanhVu\Desktop\PremierLeague\Backend\target\classes\com\thanhvu\Premier\repository\NewsRepository.class]
2025-05-14T15:34:27.785+07:00 DEBUG 3748 --- [Premier] [           main] o.s.d.r.c.RepositoryComponentProvider    : Identified candidate component class: file [C:\Users\ThanhVu\Desktop\PremierLeague\Backend\target\classes\com\thanhvu\Premier\repository\StadiumsRepository.class]
2025-05-14T15:34:27.785+07:00 DEBUG 3748 --- [Premier] [           main] o.s.d.r.c.RepositoryComponentProvider    : Identified candidate component class: file [C:\Users\ThanhVu\Desktop\PremierLeague\Backend\target\classes\com\thanhvu\Premier\repository\TeamRepository.class]
2025-05-14T15:34:27.785+07:00 DEBUG 3748 --- [Premier] [           main] o.s.d.r.c.RepositoryComponentProvider    : Identified candidate component class: file [C:\Users\ThanhVu\Desktop\PremierLeague\Backend\target\classes\com\thanhvu\Premier\repository\UserRepository.class]
2025-05-14T15:34:27.804+07:00 DEBUG 3748 --- [Premier] [           main] ssPathScanningCandidateComponentProvider : Identified candidate component class: file [C:\Users\ThanhVu\Desktop\PremierLeague\Backend\target\classes\com\thanhvu\Premier\mapper\NewsMapperImpl.class]
2025-05-14T15:34:27.804+07:00 DEBUG 3748 --- [Premier] [           main] ssPathScanningCandidateComponentProvider : Identified candidate component class: file [C:\Users\ThanhVu\Desktop\PremierLeague\Backend\target\classes\com\thanhvu\Premier\mapper\StadiumMapperImpl.class]
2025-05-14T15:34:27.804+07:00 DEBUG 3748 --- [Premier] [           main] ssPathScanningCandidateComponentProvider : Identified candidate component class: file [C:\Users\ThanhVu\Desktop\PremierLeague\Backend\target\classes\com\thanhvu\Premier\mapper\TeamMapperImpl.class]
2025-05-14T15:34:27.804+07:00 DEBUG 3748 --- [Premier] [           main] ssPathScanningCandidateComponentProvider : Identified candidate component class: file [C:\Users\ThanhVu\Desktop\PremierLeague\Backend\target\classes\com\thanhvu\Premier\mapper\UserMapperImpl.class]
2025-05-14T15:34:27.814+07:00  INFO 3748 --- [Premier] [           main] .s.d.r.c.RepositoryConfigurationDelegate : Finished Spring Data repository scanning in 38 ms. Found 4 JPA repository interfaces.
2025-05-14T15:34:27.868+07:00 DEBUG 3748 --- [Premier] [           main] o.s.b.f.s.DefaultListableBeanFactory     : Creating shared instance of singleton bean 'springSecurityHandlerMappingIntrospectorBeanDefinitionRegistryPostProcessor'
2025-05-14T15:34:27.959+07:00 DEBUG 3748 --- [Premier] [           main] o.s.b.f.s.DefaultListableBeanFactory     : Creating shared instance of singleton bean 'propertySourcesPlaceholderConfigurer'
2025-05-14T15:34:27.964+07:00 DEBUG 3748 --- [Premier] [           main] o.s.b.f.s.DefaultListableBeanFactory     : Creating shared instance of singleton bean 'org.springframework.boot.test.mock.mockito.MockitoPostProcessor'
2025-05-14T15:34:27.965+07:00 DEBUG 3748 --- [Premier] [           main] o.s.b.f.s.DefaultListableBeanFactory     : Creating shared instance of singleton bean 'emBeanDefinitionRegistrarPostProcessor'
2025-05-14T15:34:27.965+07:00 DEBUG 3748 --- [Premier] [           main] o.s.b.f.s.DefaultListableBeanFactory     : Creating shared instance of singleton bean 'org.springframework.boot.sql.init.dependency.DatabaseInitializationDependencyConfigurer$DependsOnDatabaseInitializationPostProcessor'
2025-05-14T15:34:28.026+07:00 DEBUG 3748 --- [Premier] [           main] o.s.b.f.s.DefaultListableBeanFactory     : Creating shared instance of singleton bean 'org.springframework.context.event.internalEventListenerProcessor'
2025-05-14T15:34:28.028+07:00 DEBUG 3748 --- [Premier] [           main] o.s.b.f.s.DefaultListableBeanFactory     : Creating shared instance of singleton bean 'conversionServicePostProcessor'
2025-05-14T15:34:28.039+07:00 DEBUG 3748 --- [Premier] [           main] o.s.b.f.s.DefaultListableBeanFactory     : Creating shared instance of singleton bean 'preserveErrorControllerTargetClassPostProcessor'
2025-05-14T15:34:28.040+07:00 DEBUG 3748 --- [Premier] [           main] o.s.b.f.s.DefaultListableBeanFactory     : Creating shared instance of singleton bean 'org.springframework.context.event.internalEventListenerFactory'
2025-05-14T15:34:28.041+07:00 DEBUG 3748 --- [Premier] [           main] o.s.b.f.s.DefaultListableBeanFactory     : Creating shared instance of singleton bean 'org.springframework.transaction.config.internalTransactionalEventListenerFactory'
2025-05-14T15:34:28.045+07:00 DEBUG 3748 --- [Premier] [           main] o.s.b.f.s.DefaultListableBeanFactory     : Creating shared instance of singleton bean 'org.springframework.boot.test.mock.mockito.MockitoPostProcessor$SpyPostProcessor'
2025-05-14T15:34:28.047+07:00 DEBUG 3748 --- [Premier] [           main] o.s.b.f.s.DefaultListableBeanFactory     : Creating shared instance of singleton bean 'org.springframework.context.annotation.internalAutowiredAnnotationProcessor'
2025-05-14T15:34:28.048+07:00 DEBUG 3748 --- [Premier] [           main] o.s.b.f.s.DefaultListableBeanFactory     : Creating shared instance of singleton bean 'org.springframework.context.annotation.internalCommonAnnotationProcessor'
2025-05-14T15:34:28.052+07:00 DEBUG 3748 --- [Premier] [           main] o.s.b.f.s.DefaultListableBeanFactory     : Creating shared instance of singleton bean 'org.springframework.context.annotation.internalPersistenceAnnotationProcessor'
2025-05-14T15:34:28.054+07:00 DEBUG 3748 --- [Premier] [           main] o.s.b.f.s.DefaultListableBeanFactory     : Creating shared instance of singleton bean 'org.springframework.boot.context.properties.ConfigurationPropertiesBindingPostProcessor'
2025-05-14T15:34:28.054+07:00 DEBUG 3748 --- [Premier] [           main] o.s.b.f.s.DefaultListableBeanFactory     : Creating shared instance of singleton bean 'org.springframework.boot.context.internalConfigurationPropertiesBinder'
2025-05-14T15:34:28.057+07:00 DEBUG 3748 --- [Premier] [           main] o.s.b.f.s.DefaultListableBeanFactory     : Creating shared instance of singleton bean 'jdbcConnectionDetailsHikariBeanPostProcessor'
2025-05-14T15:34:28.063+07:00 DEBUG 3748 --- [Premier] [           main] o.s.b.f.s.DefaultListableBeanFactory     : Creating shared instance of singleton bean 'org.springframework.aop.config.internalAutoProxyCreator'
2025-05-14T15:34:28.086+07:00 DEBUG 3748 --- [Premier] [           main] o.s.b.f.s.DefaultListableBeanFactory     : Creating shared instance of singleton bean 'methodValidationPostProcessor'
2025-05-14T15:34:28.088+07:00 DEBUG 3748 --- [Premier] [           main] o.s.b.f.s.DefaultListableBeanFactory     : Autowiring by type from bean name 'methodValidationPostProcessor' via factory method to bean named 'environment'
2025-05-14T15:34:28.100+07:00 DEBUG 3748 --- [Premier] [           main] o.s.b.f.s.DefaultListableBeanFactory     : Creating shared instance of singleton bean 'org.springframework.boot.context.properties.EnableConfigurationPropertiesRegistrar.methodValidationExcludeFilter'
2025-05-14T15:34:28.114+07:00 DEBUG 3748 --- [Premier] [           main] o.s.b.f.s.DefaultListableBeanFactory     : Creating shared instance of singleton bean 'persistenceExceptionTranslationPostProcessor'
2025-05-14T15:34:28.114+07:00 DEBUG 3748 --- [Premier] [           main] o.s.b.f.s.DefaultListableBeanFactory     : Autowiring by type from bean name 'persistenceExceptionTranslationPostProcessor' via factory method to bean named 'environment'
2025-05-14T15:34:28.116+07:00 DEBUG 3748 --- [Premier] [           main] o.s.b.f.s.DefaultListableBeanFactory     : Creating shared instance of singleton bean 'webServerFactoryCustomizerBeanPostProcessor'
2025-05-14T15:34:28.117+07:00 DEBUG 3748 --- [Premier] [           main] o.s.b.f.s.DefaultListableBeanFactory     : Creating shared instance of singleton bean 'errorPageRegistrarBeanPostProcessor'
2025-05-14T15:34:28.117+07:00 DEBUG 3748 --- [Premier] [           main] o.s.b.f.s.DefaultListableBeanFactory     : Creating shared instance of singleton bean 'healthEndpointGroupsBeanPostProcessor'
2025-05-14T15:34:28.118+07:00 DEBUG 3748 --- [Premier] [           main] o.s.b.f.s.DefaultListableBeanFactory     : Creating shared instance of singleton bean 'preFilterAuthorizationAdvisor'
2025-05-14T15:34:28.118+07:00 DEBUG 3748 --- [Premier] [           main] o.s.b.f.s.DefaultListableBeanFactory     : Creating shared instance of singleton bean 'preFilterAuthorizationMethodInterceptor'
2025-05-14T15:34:28.132+07:00 DEBUG 3748 --- [Premier] [           main] o.s.b.f.s.DefaultListableBeanFactory     : Creating shared instance of singleton bean 'preAuthorizeAuthorizationAdvisor'
2025-05-14T15:34:28.133+07:00 DEBUG 3748 --- [Premier] [           main] o.s.b.f.s.DefaultListableBeanFactory     : Creating shared instance of singleton bean 'preAuthorizeAuthorizationMethodInterceptor'
2025-05-14T15:34:28.133+07:00 DEBUG 3748 --- [Premier] [           main] o.s.b.f.s.DefaultListableBeanFactory     : Creating shared instance of singleton bean 'postFilterAuthorizationAdvisor'
2025-05-14T15:34:28.134+07:00 DEBUG 3748 --- [Premier] [           main] o.s.b.f.s.DefaultListableBeanFactory     : Creating shared instance of singleton bean 'postFilterAuthorizationMethodInterceptor'
2025-05-14T15:34:28.134+07:00 DEBUG 3748 --- [Premier] [           main] o.s.b.f.s.DefaultListableBeanFactory     : Creating shared instance of singleton bean 'postAuthorizeAuthorizationAdvisor'
2025-05-14T15:34:28.134+07:00 DEBUG 3748 --- [Premier] [           main] o.s.b.f.s.DefaultListableBeanFactory     : Creating shared instance of singleton bean 'postAuthorizeAuthorizationMethodInterceptor'
2025-05-14T15:34:28.135+07:00 DEBUG 3748 --- [Premier] [           main] o.s.b.f.s.DefaultListableBeanFactory     : Creating shared instance of singleton bean 'authorizeReturnObjectAdvisor'
2025-05-14T15:34:28.135+07:00 DEBUG 3748 --- [Premier] [           main] o.s.b.f.s.DefaultListableBeanFactory     : Creating shared instance of singleton bean 'authorizeReturnObjectMethodInterceptor'
2025-05-14T15:34:28.135+07:00 DEBUG 3748 --- [Premier] [           main] o.s.b.f.s.DefaultListableBeanFactory     : Creating shared instance of singleton bean 'authorizationProxyFactory'
2025-05-14T15:34:28.141+07:00 DEBUG 3748 --- [Premier] [           main] o.s.b.f.s.DefaultListableBeanFactory     : Autowiring by type from bean name 'authorizeReturnObjectMethodInterceptor' via factory method to bean named 'authorizationProxyFactory'
2025-05-14T15:34:28.146+07:00 DEBUG 3748 --- [Premier] [           main] o.s.b.f.s.DefaultListableBeanFactory     : Creating shared instance of singleton bean 'org.springframework.transaction.config.internalTransactionAdvisor'
2025-05-14T15:34:28.146+07:00 DEBUG 3748 --- [Premier] [           main] o.s.b.f.s.DefaultListableBeanFactory     : Creating shared instance of singleton bean 'org.springframework.transaction.annotation.ProxyTransactionManagementConfiguration'
2025-05-14T15:34:28.177+07:00 DEBUG 3748 --- [Premier] [           main] .s.a.a.a.ReflectiveAspectJAdvisorFactory : Found AspectJ method: public java.lang.Object io.micrometer.observation.aop.ObservedAspect.observeClass(org.aspectj.lang.ProceedingJoinPoint) throws java.lang.Throwable
2025-05-14T15:34:28.178+07:00 DEBUG 3748 --- [Premier] [           main] .s.a.a.a.ReflectiveAspectJAdvisorFactory : Found AspectJ method: public java.lang.Object io.micrometer.observation.aop.ObservedAspect.observeMethod(org.aspectj.lang.ProceedingJoinPoint) throws java.lang.Throwable
2025-05-14T15:34:28.308+07:00 DEBUG 3748 --- [Premier] [           main] o.s.b.f.s.DefaultListableBeanFactory     : Creating shared instance of singleton bean 'transactionAttributeSource'
2025-05-14T15:34:28.315+07:00 DEBUG 3748 --- [Premier] [           main] o.s.b.f.s.DefaultListableBeanFactory     : Creating shared instance of singleton bean 'transactionInterceptor'
2025-05-14T15:34:28.315+07:00 DEBUG 3748 --- [Premier] [           main] o.s.b.f.s.DefaultListableBeanFactory     : Autowiring by type from bean name 'transactionInterceptor' via factory method to bean named 'transactionAttributeSource'
2025-05-14T15:34:28.319+07:00 DEBUG 3748 --- [Premier] [           main] o.s.b.f.s.DefaultListableBeanFactory     : Autowiring by type from bean name 'org.springframework.transaction.config.internalTransactionAdvisor' via factory method to bean named 'transactionAttributeSource'
2025-05-14T15:34:28.319+07:00 DEBUG 3748 --- [Premier] [           main] o.s.b.f.s.DefaultListableBeanFactory     : Autowiring by type from bean name 'org.springframework.transaction.config.internalTransactionAdvisor' via factory method to bean named 'transactionInterceptor'
2025-05-14T15:34:28.326+07:00 DEBUG 3748 --- [Premier] [           main] o.s.b.f.s.DefaultListableBeanFactory     : Creating shared instance of singleton bean 'meterRegistryPostProcessor'
2025-05-14T15:34:28.328+07:00 DEBUG 3748 --- [Premier] [           main] o.s.b.f.s.DefaultListableBeanFactory     : Autowiring by type from bean name 'meterRegistryPostProcessor' via factory method to bean named 'org.springframework.web.context.support.GenericWebApplicationContext@1e6b9a95'
2025-05-14T15:34:28.335+07:00 DEBUG 3748 --- [Premier] [           main] o.s.b.f.s.DefaultListableBeanFactory     : Creating shared instance of singleton bean 'metricsRepositoryMethodInvocationListenerBeanPostProcessor'
2025-05-14T15:34:28.338+07:00 DEBUG 3748 --- [Premier] [           main] o.s.b.f.s.DefaultListableBeanFactory     : Creating shared instance of singleton bean 'observationRegistryPostProcessor'
2025-05-14T15:34:28.342+07:00 DEBUG 3748 --- [Premier] [           main] o.s.b.f.s.DefaultListableBeanFactory     : Creating shared instance of singleton bean 'projectingArgumentResolverBeanPostProcessor'
2025-05-14T15:34:28.368+07:00 DEBUG 3748 --- [Premier] [           main] o.s.u.c.s.UiApplicationContextUtils      : Unable to locate ThemeSource with name 'themeSource': using default [org.springframework.ui.context.support.ResourceBundleThemeSource@d108406]
2025-05-14T15:34:28.370+07:00 DEBUG 3748 --- [Premier] [           main] o.s.b.f.s.DefaultListableBeanFactory     : Creating shared instance of singleton bean 'org.springframework.test.context.support.internalDynamicPropertyRegistrarBeanInitializer'
2025-05-14T15:34:28.373+07:00 DEBUG 3748 --- [Premier] [           main] o.s.b.f.s.DefaultListableBeanFactory     : Creating shared instance of singleton bean 'dataSourceScriptDatabaseInitializer'
2025-05-14T15:34:28.373+07:00 DEBUG 3748 --- [Premier] [           main] o.s.b.f.s.DefaultListableBeanFactory     : Creating shared instance of singleton bean 'org.springframework.boot.autoconfigure.sql.init.DataSourceInitializationConfiguration'
2025-05-14T15:34:28.374+07:00 DEBUG 3748 --- [Premier] [           main] o.s.b.f.s.DefaultListableBeanFactory     : Creating shared instance of singleton bean 'dataSource'
2025-05-14T15:34:28.374+07:00 DEBUG 3748 --- [Premier] [           main] o.s.b.f.s.DefaultListableBeanFactory     : Creating shared instance of singleton bean 'org.springframework.boot.autoconfigure.jdbc.DataSourceConfiguration$Hikari'
2025-05-14T15:34:28.376+07:00 DEBUG 3748 --- [Premier] [           main] o.s.b.f.s.DefaultListableBeanFactory     : Creating shared instance of singleton bean 'spring.datasource-org.springframework.boot.autoconfigure.jdbc.DataSourceProperties'
2025-05-14T15:34:28.377+07:00 DEBUG 3748 --- [Premier] [           main] o.s.b.f.s.DefaultListableBeanFactory     : Creating shared instance of singleton bean 'org.springframework.boot.context.properties.BoundConfigurationProperties'
2025-05-14T15:34:28.399+07:00 DEBUG 3748 --- [Premier] [           main] o.s.b.f.s.DefaultListableBeanFactory     : Creating shared instance of singleton bean 'jdbcConnectionDetails'
2025-05-14T15:34:28.399+07:00 DEBUG 3748 --- [Premier] [           main] o.s.b.f.s.DefaultListableBeanFactory     : Creating shared instance of singleton bean 'org.springframework.boot.autoconfigure.jdbc.DataSourceAutoConfiguration$PooledDataSourceConfiguration'
2025-05-14T15:34:28.401+07:00 DEBUG 3748 --- [Premier] [           main] o.s.b.f.s.DefaultListableBeanFactory     : Autowiring by type from bean name 'jdbcConnectionDetails' via factory method to bean named 'spring.datasource-org.springframework.boot.autoconfigure.jdbc.DataSourceProperties'
2025-05-14T15:34:28.404+07:00 DEBUG 3748 --- [Premier] [           main] o.s.b.f.s.DefaultListableBeanFactory     : Autowiring by type from bean name 'dataSource' via factory method to bean named 'spring.datasource-org.springframework.boot.autoconfigure.jdbc.DataSourceProperties'
2025-05-14T15:34:28.404+07:00 DEBUG 3748 --- [Premier] [           main] o.s.b.f.s.DefaultListableBeanFactory     : Autowiring by type from bean name 'dataSource' via factory method to bean named 'jdbcConnectionDetails'
2025-05-14T15:34:28.409+07:00 DEBUG 3748 --- [Premier] [           main] com.zaxxer.hikari.HikariConfig           : Driver class org.sqlite.JDBC found in Thread context class loader jdk.internal.loader.ClassLoaders$AppClassLoader@70dea4e
2025-05-14T15:34:28.440+07:00 DEBUG 3748 --- [Premier] [           main] o.s.b.f.s.DefaultListableBeanFactory     : Creating shared instance of singleton bean 'spring.sql.init-org.springframework.boot.autoconfigure.sql.init.SqlInitializationProperties'
2025-05-14T15:34:28.444+07:00 DEBUG 3748 --- [Premier] [           main] o.s.b.f.s.DefaultListableBeanFactory     : Autowiring by type from bean name 'dataSourceScriptDatabaseInitializer' via factory method to bean named 'dataSource'
2025-05-14T15:34:28.444+07:00 DEBUG 3748 --- [Premier] [           main] o.s.b.f.s.DefaultListableBeanFactory     : Autowiring by type from bean name 'dataSourceScriptDatabaseInitializer' via factory method to bean named 'spring.sql.init-org.springframework.boot.autoconfigure.sql.init.SqlInitializationProperties'
2025-05-14T15:34:28.457+07:00 DEBUG 3748 --- [Premier] [           main] o.s.b.f.s.DefaultListableBeanFactory     : Creating shared instance of singleton bean 'entityManagerFactory'
2025-05-14T15:34:28.457+07:00 DEBUG 3748 --- [Premier] [           main] o.s.b.f.s.DefaultListableBeanFactory     : Creating shared instance of singleton bean 'org.springframework.boot.autoconfigure.orm.jpa.HibernateJpaConfiguration'
2025-05-14T15:34:28.458+07:00 DEBUG 3748 --- [Premier] [           main] o.s.b.f.s.DefaultListableBeanFactory     : Creating shared instance of singleton bean 'spring.jpa-org.springframework.boot.autoconfigure.orm.jpa.JpaProperties'
2025-05-14T15:34:28.462+07:00 DEBUG 3748 --- [Premier] [           main] o.s.b.f.s.DefaultListableBeanFactory     : Creating shared instance of singleton bean 'spring.jpa.hibernate-org.springframework.boot.autoconfigure.orm.jpa.HibernateProperties'
2025-05-14T15:34:28.466+07:00 DEBUG 3748 --- [Premier] [           main] o.s.b.f.s.DefaultListableBeanFactory     : Autowiring by type from bean name 'org.springframework.boot.autoconfigure.orm.jpa.HibernateJpaConfiguration' via constructor to bean named 'dataSource'
2025-05-14T15:34:28.466+07:00 DEBUG 3748 --- [Premier] [           main] o.s.b.f.s.DefaultListableBeanFactory     : Autowiring by type from bean name 'org.springframework.boot.autoconfigure.orm.jpa.HibernateJpaConfiguration' via constructor to bean named 'spring.jpa-org.springframework.boot.autoconfigure.orm.jpa.JpaProperties'
2025-05-14T15:34:28.466+07:00 DEBUG 3748 --- [Premier] [           main] o.s.b.f.s.DefaultListableBeanFactory     : Autowiring by type from bean name 'org.springframework.boot.autoconfigure.orm.jpa.HibernateJpaConfiguration' via constructor to bean named 'org.springframework.beans.factory.support.DefaultListableBeanFactory@4912d525'
2025-05-14T15:34:28.466+07:00 DEBUG 3748 --- [Premier] [           main] o.s.b.f.s.DefaultListableBeanFactory     : Autowiring by type from bean name 'org.springframework.boot.autoconfigure.orm.jpa.HibernateJpaConfiguration' via constructor to bean named 'spring.jpa.hibernate-org.springframework.boot.autoconfigure.orm.jpa.HibernateProperties'
2025-05-14T15:34:28.471+07:00 DEBUG 3748 --- [Premier] [           main] o.s.b.f.s.DefaultListableBeanFactory     : Creating shared instance of singleton bean 'hikariPoolDataSourceMetadataProvider'
2025-05-14T15:34:28.471+07:00 DEBUG 3748 --- [Premier] [           main] o.s.b.f.s.DefaultListableBeanFactory     : Creating shared instance of singleton bean 'org.springframework.boot.autoconfigure.jdbc.metadata.DataSourcePoolMetadataProvidersConfiguration$HikariPoolDataSourceMetadataProviderConfiguration'
2025-05-14T15:34:28.493+07:00 DEBUG 3748 --- [Premier] [           main] o.s.b.f.s.DefaultListableBeanFactory     : Creating shared instance of singleton bean 'entityManagerFactoryBuilder'
2025-05-14T15:34:28.494+07:00 DEBUG 3748 --- [Premier] [           main] o.s.b.f.s.DefaultListableBeanFactory     : Creating shared instance of singleton bean 'jpaVendorAdapter'
2025-05-14T15:34:28.517+07:00 DEBUG 3748 --- [Premier] [           main] o.s.b.f.s.DefaultListableBeanFactory     : Autowiring by type from bean name 'entityManagerFactoryBuilder' via factory method to bean named 'jpaVendorAdapter'
2025-05-14T15:34:28.525+07:00 DEBUG 3748 --- [Premier] [           main] o.s.b.f.s.DefaultListableBeanFactory     : Creating shared instance of singleton bean 'persistenceManagedTypes'
2025-05-14T15:34:28.527+07:00 DEBUG 3748 --- [Premier] [           main] o.s.b.f.s.DefaultListableBeanFactory     : Autowiring by type from bean name 'persistenceManagedTypes' via factory method to bean named 'org.springframework.beans.factory.support.DefaultListableBeanFactory@4912d525'
2025-05-14T15:34:28.527+07:00 DEBUG 3748 --- [Premier] [           main] o.s.b.f.s.DefaultListableBeanFactory     : Autowiring by type from bean name 'persistenceManagedTypes' via factory method to bean named 'org.springframework.web.context.support.GenericWebApplicationContext@1e6b9a95'
2025-05-14T15:34:28.544+07:00 DEBUG 3748 --- [Premier] [           main] o.s.b.f.s.DefaultListableBeanFactory     : Autowiring by type from bean name 'entityManagerFactory' via factory method to bean named 'entityManagerFactoryBuilder'
2025-05-14T15:34:28.544+07:00 DEBUG 3748 --- [Premier] [           main] o.s.b.f.s.DefaultListableBeanFactory     : Autowiring by type from bean name 'entityManagerFactory' via factory method to bean named 'persistenceManagedTypes'
2025-05-14T15:34:28.576+07:00 DEBUG 3748 --- [Premier] [           main] j.LocalContainerEntityManagerFactoryBean : Building JPA container EntityManagerFactory for persistence unit 'default'
2025-05-14T15:34:28.610+07:00 DEBUG 3748 --- [Premier] [           main] o.hibernate.jpa.internal.util.LogHelper  : PersistenceUnitInfo [
	name: default
	persistence provider classname: null
	classloader: jdk.internal.loader.ClassLoaders$AppClassLoader@70dea4e
	excludeUnlistedClasses: true
	JTA datasource: null
	Non JTA datasource: HikariDataSource (null)
	Transaction type: RESOURCE_LOCAL
	PU root URL: file:/C:/Users/ThanhVu/Desktop/PremierLeague/Backend/target/test-classes/
	Shared Cache Mode: UNSPECIFIED
	Validation Mode: AUTO
	Jar files URLs []
	Managed classes names [
		com.thanhvu.Premier.entity.News
		com.thanhvu.Premier.entity.Player
		com.thanhvu.Premier.entity.Stadium
		com.thanhvu.Premier.entity.Team
		com.thanhvu.Premier.entity.User]
	Mapping files names []
	Properties []
2025-05-14T15:34:28.621+07:00 DEBUG 3748 --- [Premier] [           main] o.h.i.internal.IntegratorServiceImpl     : Adding Integrator [org.hibernate.boot.beanvalidation.BeanValidationIntegrator].
2025-05-14T15:34:28.623+07:00 DEBUG 3748 --- [Premier] [           main] o.h.i.internal.IntegratorServiceImpl     : Adding Integrator [org.hibernate.cache.internal.CollectionCacheInvalidator].
2025-05-14T15:34:28.730+07:00  INFO 3748 --- [Premier] [           main] org.hibernate.Version                    : HHH000412: Hibernate ORM core version 6.6.11.Final
2025-05-14T15:34:28.732+07:00 DEBUG 3748 --- [Premier] [           main] org.hibernate.cfg.Environment            : HHH000206: 'hibernate.properties' not found
2025-05-14T15:34:28.797+07:00 DEBUG 3748 --- [Premier] [           main] org.hibernate.orm.idgen.factory          : Registering IdentifierGenerator strategy [uuid2] -> [org.hibernate.id.UUIDGenerator]
2025-05-14T15:34:28.798+07:00 DEBUG 3748 --- [Premier] [           main] org.hibernate.orm.idgen.factory          : Registering IdentifierGenerator strategy [guid] -> [org.hibernate.id.GUIDGenerator]
2025-05-14T15:34:28.800+07:00 DEBUG 3748 --- [Premier] [           main] org.hibernate.orm.idgen.factory          : Registering IdentifierGenerator strategy [uuid] -> [org.hibernate.id.UUIDHexGenerator]
2025-05-14T15:34:28.800+07:00 DEBUG 3748 --- [Premier] [           main] org.hibernate.orm.idgen.factory          : Registering IdentifierGenerator strategy [uuid.hex] -> [org.hibernate.id.UUIDHexGenerator]
2025-05-14T15:34:28.801+07:00 DEBUG 3748 --- [Premier] [           main] org.hibernate.orm.idgen.factory          : Registering IdentifierGenerator strategy [assigned] -> [org.hibernate.id.Assigned]
2025-05-14T15:34:28.803+07:00 DEBUG 3748 --- [Premier] [           main] org.hibernate.orm.idgen.factory          : Registering IdentifierGenerator strategy [identity] -> [org.hibernate.id.IdentityGenerator]
2025-05-14T15:34:28.803+07:00 DEBUG 3748 --- [Premier] [           main] org.hibernate.orm.idgen.factory          : Registering IdentifierGenerator strategy [select] -> [org.hibernate.id.SelectGenerator]
2025-05-14T15:34:28.806+07:00 DEBUG 3748 --- [Premier] [           main] org.hibernate.orm.idgen.factory          : Registering IdentifierGenerator strategy [sequence] -> [org.hibernate.id.enhanced.SequenceStyleGenerator]
2025-05-14T15:34:28.807+07:00 DEBUG 3748 --- [Premier] [           main] org.hibernate.orm.idgen.factory          : Registering IdentifierGenerator strategy [increment] -> [org.hibernate.id.IncrementGenerator]
2025-05-14T15:34:28.807+07:00 DEBUG 3748 --- [Premier] [           main] org.hibernate.orm.idgen.factory          : Registering IdentifierGenerator strategy [foreign] -> [org.hibernate.id.ForeignGenerator]
2025-05-14T15:34:28.807+07:00 DEBUG 3748 --- [Premier] [           main] org.hibernate.orm.idgen.factory          : Registering IdentifierGenerator strategy [enhanced-sequence] -> [org.hibernate.id.enhanced.SequenceStyleGenerator]
2025-05-14T15:34:28.809+07:00 DEBUG 3748 --- [Premier] [           main] org.hibernate.orm.idgen.factory          : Registering IdentifierGenerator strategy [enhanced-table] -> [org.hibernate.id.enhanced.TableGenerator]
2025-05-14T15:34:28.821+07:00 DEBUG 3748 --- [Premier] [           main] o.h.c.internal.RegionFactoryInitiator    : Cannot default RegionFactory based on registered strategies as `[]` RegionFactory strategies were registered
2025-05-14T15:34:28.822+07:00  INFO 3748 --- [Premier] [           main] o.h.c.internal.RegionFactoryInitiator    : HHH000026: Second-level cache disabled
2025-05-14T15:34:28.938+07:00 DEBUG 3748 --- [Premier] [           main] org.hibernate.type.BasicTypeRegistry     : Adding type registration boolean -> org.hibernate.type.BasicTypeReference@6f6c8d45
2025-05-14T15:34:28.938+07:00 DEBUG 3748 --- [Premier] [           main] org.hibernate.type.BasicTypeRegistry     : Adding type registration boolean -> org.hibernate.type.BasicTypeReference@6f6c8d45
2025-05-14T15:34:28.938+07:00 DEBUG 3748 --- [Premier] [           main] org.hibernate.type.BasicTypeRegistry     : Adding type registration java.lang.Boolean -> org.hibernate.type.BasicTypeReference@6f6c8d45
2025-05-14T15:34:28.938+07:00 DEBUG 3748 --- [Premier] [           main] org.hibernate.type.BasicTypeRegistry     : Adding type registration numeric_boolean -> org.hibernate.type.BasicTypeReference@7f2ca6f8
2025-05-14T15:34:28.938+07:00 DEBUG 3748 --- [Premier] [           main] org.hibernate.type.BasicTypeRegistry     : Adding type registration org.hibernate.type.NumericBooleanConverter -> org.hibernate.type.BasicTypeReference@7f2ca6f8
2025-05-14T15:34:28.938+07:00 DEBUG 3748 --- [Premier] [           main] org.hibernate.type.BasicTypeRegistry     : Adding type registration true_false -> org.hibernate.type.BasicTypeReference@79d49790
2025-05-14T15:34:28.938+07:00 DEBUG 3748 --- [Premier] [           main] org.hibernate.type.BasicTypeRegistry     : Adding type registration org.hibernate.type.TrueFalseConverter -> org.hibernate.type.BasicTypeReference@79d49790
2025-05-14T15:34:28.938+07:00 DEBUG 3748 --- [Premier] [           main] org.hibernate.type.BasicTypeRegistry     : Adding type registration yes_no -> org.hibernate.type.BasicTypeReference@13dc6649
2025-05-14T15:34:28.938+07:00 DEBUG 3748 --- [Premier] [           main] org.hibernate.type.BasicTypeRegistry     : Adding type registration org.hibernate.type.YesNoConverter -> org.hibernate.type.BasicTypeReference@13dc6649
2025-05-14T15:34:28.938+07:00 DEBUG 3748 --- [Premier] [           main] org.hibernate.type.BasicTypeRegistry     : Adding type registration byte -> org.hibernate.type.BasicTypeReference@1851c7d2
2025-05-14T15:34:28.938+07:00 DEBUG 3748 --- [Premier] [           main] org.hibernate.type.BasicTypeRegistry     : Adding type registration byte -> org.hibernate.type.BasicTypeReference@1851c7d2
2025-05-14T15:34:28.938+07:00 DEBUG 3748 --- [Premier] [           main] org.hibernate.type.BasicTypeRegistry     : Adding type registration java.lang.Byte -> org.hibernate.type.BasicTypeReference@1851c7d2
2025-05-14T15:34:28.938+07:00 DEBUG 3748 --- [Premier] [           main] org.hibernate.type.BasicTypeRegistry     : Adding type registration binary -> org.hibernate.type.BasicTypeReference@250a946
2025-05-14T15:34:28.938+07:00 DEBUG 3748 --- [Premier] [           main] org.hibernate.type.BasicTypeRegistry     : Adding type registration byte[] -> org.hibernate.type.BasicTypeReference@250a946
2025-05-14T15:34:28.938+07:00 DEBUG 3748 --- [Premier] [           main] org.hibernate.type.BasicTypeRegistry     : Adding type registration [B -> org.hibernate.type.BasicTypeReference@250a946
2025-05-14T15:34:28.939+07:00 DEBUG 3748 --- [Premier] [           main] org.hibernate.type.BasicTypeRegistry     : Adding type registration binary_wrapper -> org.hibernate.type.BasicTypeReference@5fe5c68b
2025-05-14T15:34:28.939+07:00 DEBUG 3748 --- [Premier] [           main] org.hibernate.type.BasicTypeRegistry     : Adding type registration wrapper-binary -> org.hibernate.type.BasicTypeReference@5fe5c68b
2025-05-14T15:34:28.939+07:00 DEBUG 3748 --- [Premier] [           main] org.hibernate.type.BasicTypeRegistry     : Adding type registration image -> org.hibernate.type.BasicTypeReference@2ffb0d10
2025-05-14T15:34:28.939+07:00 DEBUG 3748 --- [Premier] [           main] org.hibernate.type.BasicTypeRegistry     : Adding type registration blob -> org.hibernate.type.BasicTypeReference@3982206a
2025-05-14T15:34:28.939+07:00 DEBUG 3748 --- [Premier] [           main] org.hibernate.type.BasicTypeRegistry     : Adding type registration java.sql.Blob -> org.hibernate.type.BasicTypeReference@3982206a
2025-05-14T15:34:28.939+07:00 DEBUG 3748 --- [Premier] [           main] org.hibernate.type.BasicTypeRegistry     : Adding type registration materialized_blob -> org.hibernate.type.BasicTypeReference@3e9fb485
2025-05-14T15:34:28.939+07:00 DEBUG 3748 --- [Premier] [           main] org.hibernate.type.BasicTypeRegistry     : Adding type registration materialized_blob_wrapper -> org.hibernate.type.BasicTypeReference@4f3fec43
2025-05-14T15:34:28.939+07:00 DEBUG 3748 --- [Premier] [           main] org.hibernate.type.BasicTypeRegistry     : Adding type registration short -> org.hibernate.type.BasicTypeReference@38dbeb39
2025-05-14T15:34:28.939+07:00 DEBUG 3748 --- [Premier] [           main] org.hibernate.type.BasicTypeRegistry     : Adding type registration short -> org.hibernate.type.BasicTypeReference@38dbeb39
2025-05-14T15:34:28.939+07:00 DEBUG 3748 --- [Premier] [           main] org.hibernate.type.BasicTypeRegistry     : Adding type registration java.lang.Short -> org.hibernate.type.BasicTypeReference@38dbeb39
2025-05-14T15:34:28.939+07:00 DEBUG 3748 --- [Premier] [           main] org.hibernate.type.BasicTypeRegistry     : Adding type registration integer -> org.hibernate.type.BasicTypeReference@10f20d38
2025-05-14T15:34:28.939+07:00 DEBUG 3748 --- [Premier] [           main] org.hibernate.type.BasicTypeRegistry     : Adding type registration int -> org.hibernate.type.BasicTypeReference@10f20d38
2025-05-14T15:34:28.939+07:00 DEBUG 3748 --- [Premier] [           main] org.hibernate.type.BasicTypeRegistry     : Adding type registration java.lang.Integer -> org.hibernate.type.BasicTypeReference@10f20d38
2025-05-14T15:34:28.939+07:00 DEBUG 3748 --- [Premier] [           main] org.hibernate.type.BasicTypeRegistry     : Adding type registration long -> org.hibernate.type.BasicTypeReference@538aa83f
2025-05-14T15:34:28.939+07:00 DEBUG 3748 --- [Premier] [           main] org.hibernate.type.BasicTypeRegistry     : Adding type registration long -> org.hibernate.type.BasicTypeReference@538aa83f
2025-05-14T15:34:28.939+07:00 DEBUG 3748 --- [Premier] [           main] org.hibernate.type.BasicTypeRegistry     : Adding type registration java.lang.Long -> org.hibernate.type.BasicTypeReference@538aa83f
2025-05-14T15:34:28.939+07:00 DEBUG 3748 --- [Premier] [           main] org.hibernate.type.BasicTypeRegistry     : Adding type registration float -> org.hibernate.type.BasicTypeReference@63e70bf9
2025-05-14T15:34:28.939+07:00 DEBUG 3748 --- [Premier] [           main] org.hibernate.type.BasicTypeRegistry     : Adding type registration float -> org.hibernate.type.BasicTypeReference@63e70bf9
2025-05-14T15:34:28.939+07:00 DEBUG 3748 --- [Premier] [           main] org.hibernate.type.BasicTypeRegistry     : Adding type registration java.lang.Float -> org.hibernate.type.BasicTypeReference@63e70bf9
2025-05-14T15:34:28.939+07:00 DEBUG 3748 --- [Premier] [           main] org.hibernate.type.BasicTypeRegistry     : Adding type registration double -> org.hibernate.type.BasicTypeReference@402a69f
2025-05-14T15:34:28.939+07:00 DEBUG 3748 --- [Premier] [           main] org.hibernate.type.BasicTypeRegistry     : Adding type registration double -> org.hibernate.type.BasicTypeReference@402a69f
2025-05-14T15:34:28.939+07:00 DEBUG 3748 --- [Premier] [           main] org.hibernate.type.BasicTypeRegistry     : Adding type registration java.lang.Double -> org.hibernate.type.BasicTypeReference@402a69f
2025-05-14T15:34:28.939+07:00 DEBUG 3748 --- [Premier] [           main] org.hibernate.type.BasicTypeRegistry     : Adding type registration big_integer -> org.hibernate.type.BasicTypeReference@419f0ea
2025-05-14T15:34:28.939+07:00 DEBUG 3748 --- [Premier] [           main] org.hibernate.type.BasicTypeRegistry     : Adding type registration java.math.BigInteger -> org.hibernate.type.BasicTypeReference@419f0ea
2025-05-14T15:34:28.939+07:00 DEBUG 3748 --- [Premier] [           main] org.hibernate.type.BasicTypeRegistry     : Adding type registration big_decimal -> org.hibernate.type.BasicTypeReference@2d47b06
2025-05-14T15:34:28.940+07:00 DEBUG 3748 --- [Premier] [           main] org.hibernate.type.BasicTypeRegistry     : Adding type registration java.math.BigDecimal -> org.hibernate.type.BasicTypeReference@2d47b06
2025-05-14T15:34:28.940+07:00 DEBUG 3748 --- [Premier] [           main] org.hibernate.type.BasicTypeRegistry     : Adding type registration character -> org.hibernate.type.BasicTypeReference@59371066
2025-05-14T15:34:28.940+07:00 DEBUG 3748 --- [Premier] [           main] org.hibernate.type.BasicTypeRegistry     : Adding type registration char -> org.hibernate.type.BasicTypeReference@59371066
2025-05-14T15:34:28.940+07:00 DEBUG 3748 --- [Premier] [           main] org.hibernate.type.BasicTypeRegistry     : Adding type registration java.lang.Character -> org.hibernate.type.BasicTypeReference@59371066
2025-05-14T15:34:28.940+07:00 DEBUG 3748 --- [Premier] [           main] org.hibernate.type.BasicTypeRegistry     : Adding type registration character_nchar -> org.hibernate.type.BasicTypeReference@48106381
2025-05-14T15:34:28.940+07:00 DEBUG 3748 --- [Premier] [           main] org.hibernate.type.BasicTypeRegistry     : Adding type registration string -> org.hibernate.type.BasicTypeReference@3c544c9
2025-05-14T15:34:28.940+07:00 DEBUG 3748 --- [Premier] [           main] org.hibernate.type.BasicTypeRegistry     : Adding type registration java.lang.String -> org.hibernate.type.BasicTypeReference@3c544c9
2025-05-14T15:34:28.940+07:00 DEBUG 3748 --- [Premier] [           main] org.hibernate.type.BasicTypeRegistry     : Adding type registration nstring -> org.hibernate.type.BasicTypeReference@22e813fc
2025-05-14T15:34:28.940+07:00 DEBUG 3748 --- [Premier] [           main] org.hibernate.type.BasicTypeRegistry     : Adding type registration characters -> org.hibernate.type.BasicTypeReference@433d93e7
2025-05-14T15:34:28.940+07:00 DEBUG 3748 --- [Premier] [           main] org.hibernate.type.BasicTypeRegistry     : Adding type registration char[] -> org.hibernate.type.BasicTypeReference@433d93e7
2025-05-14T15:34:28.940+07:00 DEBUG 3748 --- [Premier] [           main] org.hibernate.type.BasicTypeRegistry     : Adding type registration [C -> org.hibernate.type.BasicTypeReference@433d93e7
2025-05-14T15:34:28.940+07:00 DEBUG 3748 --- [Premier] [           main] org.hibernate.type.BasicTypeRegistry     : Adding type registration wrapper-characters -> org.hibernate.type.BasicTypeReference@87aec6a
2025-05-14T15:34:28.940+07:00 DEBUG 3748 --- [Premier] [           main] org.hibernate.type.BasicTypeRegistry     : Adding type registration text -> org.hibernate.type.BasicTypeReference@213012a0
2025-05-14T15:34:28.940+07:00 DEBUG 3748 --- [Premier] [           main] org.hibernate.type.BasicTypeRegistry     : Adding type registration ntext -> org.hibernate.type.BasicTypeReference@43a59289
2025-05-14T15:34:28.940+07:00 DEBUG 3748 --- [Premier] [           main] org.hibernate.type.BasicTypeRegistry     : Adding type registration clob -> org.hibernate.type.BasicTypeReference@6c2883b1
2025-05-14T15:34:28.940+07:00 DEBUG 3748 --- [Premier] [           main] org.hibernate.type.BasicTypeRegistry     : Adding type registration java.sql.Clob -> org.hibernate.type.BasicTypeReference@6c2883b1
2025-05-14T15:34:28.940+07:00 DEBUG 3748 --- [Premier] [           main] org.hibernate.type.BasicTypeRegistry     : Adding type registration nclob -> org.hibernate.type.BasicTypeReference@336e3be2
2025-05-14T15:34:28.940+07:00 DEBUG 3748 --- [Premier] [           main] org.hibernate.type.BasicTypeRegistry     : Adding type registration java.sql.NClob -> org.hibernate.type.BasicTypeReference@336e3be2
2025-05-14T15:34:28.940+07:00 DEBUG 3748 --- [Premier] [           main] org.hibernate.type.BasicTypeRegistry     : Adding type registration materialized_clob -> org.hibernate.type.BasicTypeReference@126a9a3d
2025-05-14T15:34:28.940+07:00 DEBUG 3748 --- [Premier] [           main] org.hibernate.type.BasicTypeRegistry     : Adding type registration materialized_clob_char_array -> org.hibernate.type.BasicTypeReference@7db47323
2025-05-14T15:34:28.940+07:00 DEBUG 3748 --- [Premier] [           main] org.hibernate.type.BasicTypeRegistry     : Adding type registration materialized_clob_character_array -> org.hibernate.type.BasicTypeReference@5529522f
2025-05-14T15:34:28.940+07:00 DEBUG 3748 --- [Premier] [           main] org.hibernate.type.BasicTypeRegistry     : Adding type registration materialized_nclob -> org.hibernate.type.BasicTypeReference@175ac243
2025-05-14T15:34:28.940+07:00 DEBUG 3748 --- [Premier] [           main] org.hibernate.type.BasicTypeRegistry     : Adding type registration materialized_nclob_character_array -> org.hibernate.type.BasicTypeReference@51a719e7
2025-05-14T15:34:28.940+07:00 DEBUG 3748 --- [Premier] [           main] org.hibernate.type.BasicTypeRegistry     : Adding type registration materialized_nclob_char_array -> org.hibernate.type.BasicTypeReference@fd4459b
2025-05-14T15:34:28.941+07:00 DEBUG 3748 --- [Premier] [           main] org.hibernate.type.BasicTypeRegistry     : Adding type registration Duration -> org.hibernate.type.BasicTypeReference@1073c664
2025-05-14T15:34:28.941+07:00 DEBUG 3748 --- [Premier] [           main] org.hibernate.type.BasicTypeRegistry     : Adding type registration java.time.Duration -> org.hibernate.type.BasicTypeReference@1073c664
2025-05-14T15:34:28.941+07:00 DEBUG 3748 --- [Premier] [           main] org.hibernate.type.BasicTypeRegistry     : Adding type registration LocalDateTime -> org.hibernate.type.BasicTypeReference@517a46f3
2025-05-14T15:34:28.941+07:00 DEBUG 3748 --- [Premier] [           main] org.hibernate.type.BasicTypeRegistry     : Adding type registration java.time.LocalDateTime -> org.hibernate.type.BasicTypeReference@517a46f3
2025-05-14T15:34:28.941+07:00 DEBUG 3748 --- [Premier] [           main] org.hibernate.type.BasicTypeRegistry     : Adding type registration LocalDate -> org.hibernate.type.BasicTypeReference@38fb151a
2025-05-14T15:34:28.941+07:00 DEBUG 3748 --- [Premier] [           main] org.hibernate.type.BasicTypeRegistry     : Adding type registration java.time.LocalDate -> org.hibernate.type.BasicTypeReference@38fb151a
2025-05-14T15:34:28.941+07:00 DEBUG 3748 --- [Premier] [           main] org.hibernate.type.BasicTypeRegistry     : Adding type registration LocalTime -> org.hibernate.type.BasicTypeReference@152e7703
2025-05-14T15:34:28.941+07:00 DEBUG 3748 --- [Premier] [           main] org.hibernate.type.BasicTypeRegistry     : Adding type registration java.time.LocalTime -> org.hibernate.type.BasicTypeReference@152e7703
2025-05-14T15:34:28.941+07:00 DEBUG 3748 --- [Premier] [           main] org.hibernate.type.BasicTypeRegistry     : Adding type registration OffsetDateTime -> org.hibernate.type.BasicTypeReference@1b60d324
2025-05-14T15:34:28.941+07:00 DEBUG 3748 --- [Premier] [           main] org.hibernate.type.BasicTypeRegistry     : Adding type registration java.time.OffsetDateTime -> org.hibernate.type.BasicTypeReference@1b60d324
2025-05-14T15:34:28.941+07:00 DEBUG 3748 --- [Premier] [           main] org.hibernate.type.BasicTypeRegistry     : Adding type registration OffsetDateTimeWithTimezone -> org.hibernate.type.BasicTypeReference@182e4365
2025-05-14T15:34:28.941+07:00 DEBUG 3748 --- [Premier] [           main] org.hibernate.type.BasicTypeRegistry     : Adding type registration OffsetDateTimeWithoutTimezone -> org.hibernate.type.BasicTypeReference@789dd6bf
2025-05-14T15:34:28.941+07:00 DEBUG 3748 --- [Premier] [           main] org.hibernate.type.BasicTypeRegistry     : Adding type registration OffsetTime -> org.hibernate.type.BasicTypeReference@1e6d30c0
2025-05-14T15:34:28.941+07:00 DEBUG 3748 --- [Premier] [           main] org.hibernate.type.BasicTypeRegistry     : Adding type registration java.time.OffsetTime -> org.hibernate.type.BasicTypeReference@1e6d30c0
2025-05-14T15:34:28.941+07:00 DEBUG 3748 --- [Premier] [           main] org.hibernate.type.BasicTypeRegistry     : Adding type registration OffsetTimeUtc -> org.hibernate.type.BasicTypeReference@38929da
2025-05-14T15:34:28.941+07:00 DEBUG 3748 --- [Premier] [           main] org.hibernate.type.BasicTypeRegistry     : Adding type registration OffsetTimeWithTimezone -> org.hibernate.type.BasicTypeReference@69d667a5
2025-05-14T15:34:28.941+07:00 DEBUG 3748 --- [Premier] [           main] org.hibernate.type.BasicTypeRegistry     : Adding type registration OffsetTimeWithoutTimezone -> org.hibernate.type.BasicTypeReference@7fe87c0e
2025-05-14T15:34:28.941+07:00 DEBUG 3748 --- [Premier] [           main] org.hibernate.type.BasicTypeRegistry     : Adding type registration ZonedDateTime -> org.hibernate.type.BasicTypeReference@8f4b803
2025-05-14T15:34:28.941+07:00 DEBUG 3748 --- [Premier] [           main] org.hibernate.type.BasicTypeRegistry     : Adding type registration java.time.ZonedDateTime -> org.hibernate.type.BasicTypeReference@8f4b803
2025-05-14T15:34:28.941+07:00 DEBUG 3748 --- [Premier] [           main] org.hibernate.type.BasicTypeRegistry     : Adding type registration ZonedDateTimeWithTimezone -> org.hibernate.type.BasicTypeReference@42f9873e
2025-05-14T15:34:28.941+07:00 DEBUG 3748 --- [Premier] [           main] org.hibernate.type.BasicTypeRegistry     : Adding type registration ZonedDateTimeWithoutTimezone -> org.hibernate.type.BasicTypeReference@18483b8b
2025-05-14T15:34:28.941+07:00 DEBUG 3748 --- [Premier] [           main] org.hibernate.type.BasicTypeRegistry     : Adding type registration date -> org.hibernate.type.BasicTypeReference@24fc2c80
2025-05-14T15:34:28.942+07:00 DEBUG 3748 --- [Premier] [           main] org.hibernate.type.BasicTypeRegistry     : Adding type registration java.sql.Date -> org.hibernate.type.BasicTypeReference@24fc2c80
2025-05-14T15:34:28.942+07:00 DEBUG 3748 --- [Premier] [           main] org.hibernate.type.BasicTypeRegistry     : Adding type registration time -> org.hibernate.type.BasicTypeReference@965bcbc
2025-05-14T15:34:28.942+07:00 DEBUG 3748 --- [Premier] [           main] org.hibernate.type.BasicTypeRegistry     : Adding type registration java.sql.Time -> org.hibernate.type.BasicTypeReference@965bcbc
2025-05-14T15:34:28.942+07:00 DEBUG 3748 --- [Premier] [           main] org.hibernate.type.BasicTypeRegistry     : Adding type registration timestamp -> org.hibernate.type.BasicTypeReference@7ab1ad9
2025-05-14T15:34:28.942+07:00 DEBUG 3748 --- [Premier] [           main] org.hibernate.type.BasicTypeRegistry     : Adding type registration java.sql.Timestamp -> org.hibernate.type.BasicTypeReference@7ab1ad9
2025-05-14T15:34:28.942+07:00 DEBUG 3748 --- [Premier] [           main] org.hibernate.type.BasicTypeRegistry     : Adding type registration java.util.Date -> org.hibernate.type.BasicTypeReference@7ab1ad9
2025-05-14T15:34:28.942+07:00 DEBUG 3748 --- [Premier] [           main] org.hibernate.type.BasicTypeRegistry     : Adding type registration calendar -> org.hibernate.type.BasicTypeReference@5ee6fdc4
2025-05-14T15:34:28.942+07:00 DEBUG 3748 --- [Premier] [           main] org.hibernate.type.BasicTypeRegistry     : Adding type registration java.util.Calendar -> org.hibernate.type.BasicTypeReference@5ee6fdc4
2025-05-14T15:34:28.943+07:00 DEBUG 3748 --- [Premier] [           main] org.hibernate.type.BasicTypeRegistry     : Adding type registration java.util.GregorianCalendar -> org.hibernate.type.BasicTypeReference@5ee6fdc4
2025-05-14T15:34:28.943+07:00 DEBUG 3748 --- [Premier] [           main] org.hibernate.type.BasicTypeRegistry     : Adding type registration calendar_date -> org.hibernate.type.BasicTypeReference@3f9f8d23
2025-05-14T15:34:28.943+07:00 DEBUG 3748 --- [Premier] [           main] org.hibernate.type.BasicTypeRegistry     : Adding type registration calendar_time -> org.hibernate.type.BasicTypeReference@603d25db
2025-05-14T15:34:28.943+07:00 DEBUG 3748 --- [Premier] [           main] org.hibernate.type.BasicTypeRegistry     : Adding type registration instant -> org.hibernate.type.BasicTypeReference@95cecc5
2025-05-14T15:34:28.943+07:00 DEBUG 3748 --- [Premier] [           main] org.hibernate.type.BasicTypeRegistry     : Adding type registration java.time.Instant -> org.hibernate.type.BasicTypeReference@95cecc5
2025-05-14T15:34:28.943+07:00 DEBUG 3748 --- [Premier] [           main] org.hibernate.type.BasicTypeRegistry     : Adding type registration uuid -> org.hibernate.type.BasicTypeReference@48b3b1b8
2025-05-14T15:34:28.943+07:00 DEBUG 3748 --- [Premier] [           main] org.hibernate.type.BasicTypeRegistry     : Adding type registration java.util.UUID -> org.hibernate.type.BasicTypeReference@48b3b1b8
2025-05-14T15:34:28.943+07:00 DEBUG 3748 --- [Premier] [           main] org.hibernate.type.BasicTypeRegistry     : Adding type registration pg-uuid -> org.hibernate.type.BasicTypeReference@48b3b1b8
2025-05-14T15:34:28.943+07:00 DEBUG 3748 --- [Premier] [           main] org.hibernate.type.BasicTypeRegistry     : Adding type registration uuid-binary -> org.hibernate.type.BasicTypeReference@b86cb18
2025-05-14T15:34:28.943+07:00 DEBUG 3748 --- [Premier] [           main] org.hibernate.type.BasicTypeRegistry     : Adding type registration uuid-char -> org.hibernate.type.BasicTypeReference@29c244e
2025-05-14T15:34:28.943+07:00 DEBUG 3748 --- [Premier] [           main] org.hibernate.type.BasicTypeRegistry     : Adding type registration class -> org.hibernate.type.BasicTypeReference@6cc8da1c
2025-05-14T15:34:28.943+07:00 DEBUG 3748 --- [Premier] [           main] org.hibernate.type.BasicTypeRegistry     : Adding type registration java.lang.Class -> org.hibernate.type.BasicTypeReference@6cc8da1c
2025-05-14T15:34:28.943+07:00 DEBUG 3748 --- [Premier] [           main] org.hibernate.type.BasicTypeRegistry     : Adding type registration currency -> org.hibernate.type.BasicTypeReference@39a3984c
2025-05-14T15:34:28.943+07:00 DEBUG 3748 --- [Premier] [           main] org.hibernate.type.BasicTypeRegistry     : Adding type registration Currency -> org.hibernate.type.BasicTypeReference@39a3984c
2025-05-14T15:34:28.943+07:00 DEBUG 3748 --- [Premier] [           main] org.hibernate.type.BasicTypeRegistry     : Adding type registration java.util.Currency -> org.hibernate.type.BasicTypeReference@39a3984c
2025-05-14T15:34:28.944+07:00 DEBUG 3748 --- [Premier] [           main] org.hibernate.type.BasicTypeRegistry     : Adding type registration locale -> org.hibernate.type.BasicTypeReference@4404a6b
2025-05-14T15:34:28.944+07:00 DEBUG 3748 --- [Premier] [           main] org.hibernate.type.BasicTypeRegistry     : Adding type registration java.util.Locale -> org.hibernate.type.BasicTypeReference@4404a6b
2025-05-14T15:34:28.944+07:00 DEBUG 3748 --- [Premier] [           main] org.hibernate.type.BasicTypeRegistry     : Adding type registration serializable -> org.hibernate.type.BasicTypeReference@671da0f9
2025-05-14T15:34:28.944+07:00 DEBUG 3748 --- [Premier] [           main] org.hibernate.type.BasicTypeRegistry     : Adding type registration java.io.Serializable -> org.hibernate.type.BasicTypeReference@671da0f9
2025-05-14T15:34:28.944+07:00 DEBUG 3748 --- [Premier] [           main] org.hibernate.type.BasicTypeRegistry     : Adding type registration timezone -> org.hibernate.type.BasicTypeReference@4d2f9e3c
2025-05-14T15:34:28.944+07:00 DEBUG 3748 --- [Premier] [           main] org.hibernate.type.BasicTypeRegistry     : Adding type registration java.util.TimeZone -> org.hibernate.type.BasicTypeReference@4d2f9e3c
2025-05-14T15:34:28.944+07:00 DEBUG 3748 --- [Premier] [           main] org.hibernate.type.BasicTypeRegistry     : Adding type registration ZoneOffset -> org.hibernate.type.BasicTypeReference@686b1e2d
2025-05-14T15:34:28.944+07:00 DEBUG 3748 --- [Premier] [           main] org.hibernate.type.BasicTypeRegistry     : Adding type registration java.time.ZoneOffset -> org.hibernate.type.BasicTypeReference@686b1e2d
2025-05-14T15:34:28.944+07:00 DEBUG 3748 --- [Premier] [           main] org.hibernate.type.BasicTypeRegistry     : Adding type registration url -> org.hibernate.type.BasicTypeReference@6e7e0259
2025-05-14T15:34:28.944+07:00 DEBUG 3748 --- [Premier] [           main] org.hibernate.type.BasicTypeRegistry     : Adding type registration java.net.URL -> org.hibernate.type.BasicTypeReference@6e7e0259
2025-05-14T15:34:28.944+07:00 DEBUG 3748 --- [Premier] [           main] org.hibernate.type.BasicTypeRegistry     : Adding type registration vector -> org.hibernate.type.BasicTypeReference@646e6d07
2025-05-14T15:34:28.944+07:00 DEBUG 3748 --- [Premier] [           main] org.hibernate.type.BasicTypeRegistry     : Adding type registration float_vector -> org.hibernate.type.BasicTypeReference@5501d1c8
2025-05-14T15:34:28.944+07:00 DEBUG 3748 --- [Premier] [           main] org.hibernate.type.BasicTypeRegistry     : Adding type registration double_vector -> org.hibernate.type.BasicTypeReference@652b3733
2025-05-14T15:34:28.944+07:00 DEBUG 3748 --- [Premier] [           main] org.hibernate.type.BasicTypeRegistry     : Adding type registration byte_vector -> org.hibernate.type.BasicTypeReference@7b598d05
2025-05-14T15:34:28.944+07:00 DEBUG 3748 --- [Premier] [           main] org.hibernate.type.BasicTypeRegistry     : Adding type registration row_version -> org.hibernate.type.BasicTypeReference@6cc8c13c
2025-05-14T15:34:28.952+07:00 DEBUG 3748 --- [Premier] [           main] org.hibernate.type.BasicTypeRegistry     : Adding type registration object -> org.hibernate.type.JavaObjectType@16e07bae
2025-05-14T15:34:28.952+07:00 DEBUG 3748 --- [Premier] [           main] org.hibernate.type.BasicTypeRegistry     : Adding type registration java.lang.Object -> org.hibernate.type.JavaObjectType@16e07bae
2025-05-14T15:34:28.954+07:00 DEBUG 3748 --- [Premier] [           main] org.hibernate.type.BasicTypeRegistry     : Adding type registration null -> org.hibernate.type.NullType@704c3bdf
2025-05-14T15:34:28.954+07:00 DEBUG 3748 --- [Premier] [           main] org.hibernate.type.BasicTypeRegistry     : Adding type registration imm_date -> org.hibernate.type.BasicTypeReference@37986daf
2025-05-14T15:34:28.954+07:00 DEBUG 3748 --- [Premier] [           main] org.hibernate.type.BasicTypeRegistry     : Adding type registration imm_time -> org.hibernate.type.BasicTypeReference@c82d925
2025-05-14T15:34:28.954+07:00 DEBUG 3748 --- [Premier] [           main] org.hibernate.type.BasicTypeRegistry     : Adding type registration imm_timestamp -> org.hibernate.type.BasicTypeReference@55c03e4
2025-05-14T15:34:28.954+07:00 DEBUG 3748 --- [Premier] [           main] org.hibernate.type.BasicTypeRegistry     : Adding type registration imm_calendar -> org.hibernate.type.BasicTypeReference@14df5253
2025-05-14T15:34:28.954+07:00 DEBUG 3748 --- [Premier] [           main] org.hibernate.type.BasicTypeRegistry     : Adding type registration imm_calendar_date -> org.hibernate.type.BasicTypeReference@605eb072
2025-05-14T15:34:28.954+07:00 DEBUG 3748 --- [Premier] [           main] org.hibernate.type.BasicTypeRegistry     : Adding type registration imm_calendar_time -> org.hibernate.type.BasicTypeReference@7a0f06ad
2025-05-14T15:34:28.954+07:00 DEBUG 3748 --- [Premier] [           main] org.hibernate.type.BasicTypeRegistry     : Adding type registration imm_binary -> org.hibernate.type.BasicTypeReference@1fa9692b
2025-05-14T15:34:28.954+07:00 DEBUG 3748 --- [Premier] [           main] org.hibernate.type.BasicTypeRegistry     : Adding type registration imm_serializable -> org.hibernate.type.BasicTypeReference@710afd47
2025-05-14T15:34:28.961+07:00 DEBUG 3748 --- [Premier] [           main] o.h.boot.internal.BootstrapContextImpl   : Injecting JPA temp ClassLoader [org.springframework.instrument.classloading.SimpleThrowawayClassLoader@210635fd] into BootstrapContext; was [null]
2025-05-14T15:34:28.961+07:00 DEBUG 3748 --- [Premier] [           main] o.h.boot.internal.ClassLoaderAccessImpl  : ClassLoaderAccessImpl#injectTempClassLoader(org.springframework.instrument.classloading.SimpleThrowawayClassLoader@210635fd) [was null]
2025-05-14T15:34:28.963+07:00 DEBUG 3748 --- [Premier] [           main] o.h.boot.internal.BootstrapContextImpl   : Injecting ScanEnvironment [org.hibernate.jpa.boot.internal.StandardJpaScanEnvironmentImpl@144e36ae] into BootstrapContext; was [null]
2025-05-14T15:34:28.963+07:00 DEBUG 3748 --- [Premier] [           main] o.h.boot.internal.BootstrapContextImpl   : Injecting ScanOptions [org.hibernate.boot.archive.scan.internal.StandardScanOptions@24615687] into BootstrapContext; was [org.hibernate.boot.archive.scan.internal.StandardScanOptions@58636b50]
2025-05-14T15:34:28.980+07:00 DEBUG 3748 --- [Premier] [           main] o.h.j.b.i.PersistenceUnitInfoDescriptor  : Pushing class transformers for PU named 'default' on loading classloader jdk.internal.loader.ClassLoaders$AppClassLoader@70dea4e
2025-05-14T15:34:29.132+07:00  INFO 3748 --- [Premier] [           main] o.s.o.j.p.SpringPersistenceUnitInfo      : No LoadTimeWeaver setup: ignoring JPA class transformer
2025-05-14T15:34:29.134+07:00 DEBUG 3748 --- [Premier] [           main] o.h.boot.internal.BootstrapContextImpl   : Injecting JPA temp ClassLoader [null] into BootstrapContext; was [org.springframework.instrument.classloading.SimpleThrowawayClassLoader@210635fd]
2025-05-14T15:34:29.134+07:00 DEBUG 3748 --- [Premier] [           main] o.h.boot.internal.ClassLoaderAccessImpl  : ClassLoaderAccessImpl#injectTempClassLoader(null) [was org.springframework.instrument.classloading.SimpleThrowawayClassLoader@210635fd]
2025-05-14T15:34:29.166+07:00 DEBUG 3748 --- [Premier] [           main] com.zaxxer.hikari.HikariConfig           : HikariPool-1 - configuration:
2025-05-14T15:34:29.169+07:00 DEBUG 3748 --- [Premier] [           main] com.zaxxer.hikari.HikariConfig           : allowPoolSuspension.............false
2025-05-14T15:34:29.170+07:00 DEBUG 3748 --- [Premier] [           main] com.zaxxer.hikari.HikariConfig           : autoCommit......................true
2025-05-14T15:34:29.170+07:00 DEBUG 3748 --- [Premier] [           main] com.zaxxer.hikari.HikariConfig           : catalog.........................none
2025-05-14T15:34:29.170+07:00 DEBUG 3748 --- [Premier] [           main] com.zaxxer.hikari.HikariConfig           : connectionInitSql...............none
2025-05-14T15:34:29.170+07:00 DEBUG 3748 --- [Premier] [           main] com.zaxxer.hikari.HikariConfig           : connectionTestQuery.............none
2025-05-14T15:34:29.171+07:00 DEBUG 3748 --- [Premier] [           main] com.zaxxer.hikari.HikariConfig           : connectionTimeout...............30000
2025-05-14T15:34:29.171+07:00 DEBUG 3748 --- [Premier] [           main] com.zaxxer.hikari.HikariConfig           : dataSource......................none
2025-05-14T15:34:29.172+07:00 DEBUG 3748 --- [Premier] [           main] com.zaxxer.hikari.HikariConfig           : dataSourceClassName.............none
2025-05-14T15:34:29.172+07:00 DEBUG 3748 --- [Premier] [           main] com.zaxxer.hikari.HikariConfig           : dataSourceJNDI..................none
2025-05-14T15:34:29.172+07:00 DEBUG 3748 --- [Premier] [           main] com.zaxxer.hikari.HikariConfig           : dataSourceProperties............{password=<masked>}
2025-05-14T15:34:29.172+07:00 DEBUG 3748 --- [Premier] [           main] com.zaxxer.hikari.HikariConfig           : driverClassName................."org.sqlite.JDBC"
2025-05-14T15:34:29.172+07:00 DEBUG 3748 --- [Premier] [           main] com.zaxxer.hikari.HikariConfig           : exceptionOverrideClassName......none
2025-05-14T15:34:29.172+07:00 DEBUG 3748 --- [Premier] [           main] com.zaxxer.hikari.HikariConfig           : healthCheckProperties...........{}
2025-05-14T15:34:29.172+07:00 DEBUG 3748 --- [Premier] [           main] com.zaxxer.hikari.HikariConfig           : healthCheckRegistry.............none
2025-05-14T15:34:29.173+07:00 DEBUG 3748 --- [Premier] [           main] com.zaxxer.hikari.HikariConfig           : idleTimeout.....................600000
2025-05-14T15:34:29.173+07:00 DEBUG 3748 --- [Premier] [           main] com.zaxxer.hikari.HikariConfig           : initializationFailTimeout.......1
2025-05-14T15:34:29.173+07:00 DEBUG 3748 --- [Premier] [           main] com.zaxxer.hikari.HikariConfig           : isolateInternalQueries..........false
2025-05-14T15:34:29.173+07:00 DEBUG 3748 --- [Premier] [           main] com.zaxxer.hikari.HikariConfig           : jdbcUrl.........................jdbc:sqlite:test1.1.db
2025-05-14T15:34:29.173+07:00 DEBUG 3748 --- [Premier] [           main] com.zaxxer.hikari.HikariConfig           : keepaliveTime...................0
2025-05-14T15:34:29.173+07:00 DEBUG 3748 --- [Premier] [           main] com.zaxxer.hikari.HikariConfig           : leakDetectionThreshold..........0
2025-05-14T15:34:29.173+07:00 DEBUG 3748 --- [Premier] [           main] com.zaxxer.hikari.HikariConfig           : maxLifetime.....................1800000
2025-05-14T15:34:29.173+07:00 DEBUG 3748 --- [Premier] [           main] com.zaxxer.hikari.HikariConfig           : maximumPoolSize.................10
2025-05-14T15:34:29.173+07:00 DEBUG 3748 --- [Premier] [           main] com.zaxxer.hikari.HikariConfig           : metricRegistry..................none
2025-05-14T15:34:29.173+07:00 DEBUG 3748 --- [Premier] [           main] com.zaxxer.hikari.HikariConfig           : metricsTrackerFactory...........none
2025-05-14T15:34:29.174+07:00 DEBUG 3748 --- [Premier] [           main] com.zaxxer.hikari.HikariConfig           : minimumIdle.....................10
2025-05-14T15:34:29.174+07:00 DEBUG 3748 --- [Premier] [           main] com.zaxxer.hikari.HikariConfig           : password........................<masked>
2025-05-14T15:34:29.174+07:00 DEBUG 3748 --- [Premier] [           main] com.zaxxer.hikari.HikariConfig           : poolName........................"HikariPool-1"
2025-05-14T15:34:29.174+07:00 DEBUG 3748 --- [Premier] [           main] com.zaxxer.hikari.HikariConfig           : readOnly........................false
2025-05-14T15:34:29.174+07:00 DEBUG 3748 --- [Premier] [           main] com.zaxxer.hikari.HikariConfig           : registerMbeans..................false
2025-05-14T15:34:29.174+07:00 DEBUG 3748 --- [Premier] [           main] com.zaxxer.hikari.HikariConfig           : scheduledExecutor...............none
2025-05-14T15:34:29.174+07:00 DEBUG 3748 --- [Premier] [           main] com.zaxxer.hikari.HikariConfig           : schema..........................none
2025-05-14T15:34:29.174+07:00 DEBUG 3748 --- [Premier] [           main] com.zaxxer.hikari.HikariConfig           : threadFactory...................internal
2025-05-14T15:34:29.174+07:00 DEBUG 3748 --- [Premier] [           main] com.zaxxer.hikari.HikariConfig           : transactionIsolation............default
2025-05-14T15:34:29.174+07:00 DEBUG 3748 --- [Premier] [           main] com.zaxxer.hikari.HikariConfig           : username........................none
2025-05-14T15:34:29.174+07:00 DEBUG 3748 --- [Premier] [           main] com.zaxxer.hikari.HikariConfig           : validationTimeout...............5000
2025-05-14T15:34:29.174+07:00  INFO 3748 --- [Premier] [           main] com.zaxxer.hikari.HikariDataSource       : HikariPool-1 - Starting...
2025-05-14T15:34:29.345+07:00  INFO 3748 --- [Premier] [           main] com.zaxxer.hikari.pool.HikariPool        : HikariPool-1 - Added connection org.sqlite.jdbc4.JDBC4Connection@1791e231
2025-05-14T15:34:29.346+07:00  INFO 3748 --- [Premier] [           main] com.zaxxer.hikari.HikariDataSource       : HikariPool-1 - Start completed.
2025-05-14T15:34:29.350+07:00 DEBUG 3748 --- [Premier] [           main] o.h.e.j.e.i.JdbcEnvironmentInitiator     : Database ->
	   name : SQLite
	version : 3.42.0
	  major : 3
	  minor : 42
2025-05-14T15:34:29.350+07:00 DEBUG 3748 --- [Premier] [           main] o.h.e.j.e.i.JdbcEnvironmentInitiator     : Driver ->
	   name : SQLite JDBC
	version : 3.42.0.0
	  major : 3
	  minor : 42
2025-05-14T15:34:29.350+07:00 DEBUG 3748 --- [Premier] [           main] o.h.e.j.e.i.JdbcEnvironmentInitiator     : JDBC version : 4.2
2025-05-14T15:34:29.368+07:00 DEBUG 3748 --- [Premier] [           main] org.hibernate.orm.dialect                : HHH035001: Using dialect: org.hibernate.community.dialect.SQLiteDialect, version: 3.42
2025-05-14T15:34:29.371+07:00 DEBUG 3748 --- [Premier] [           main] o.h.e.j.env.spi.IdentifierHelperBuilder  : JDBC driver metadata reported database stores quoted identifiers in neither upper, lower nor mixed case
2025-05-14T15:34:29.371+07:00 DEBUG 3748 --- [Premier] [           main] o.h.e.j.env.spi.IdentifierHelperBuilder  : IdentifierCaseStrategy for both quoted and unquoted identifiers was set to the same strategy [MIXED]; that will likely lead to problems in schema update and validation if using quoted identifiers
2025-05-14T15:34:29.389+07:00 DEBUG 3748 --- [Premier] [           main] org.hibernate.orm.jdbc.lob               : HHH10010005: Disabling contextual LOB creation as createClob() method threw error : java.sql.SQLFeatureNotSupportedException
2025-05-14T15:34:29.392+07:00  INFO 3748 --- [Premier] [           main] org.hibernate.orm.connections.pooling    : HHH10001005: Database info:
	Database JDBC URL [Connecting through datasource 'HikariDataSource (HikariPool-1)']
	Database driver: undefined/unknown
	Database version: 3.42
	Autocommit mode: undefined/unknown
	Isolation level: undefined/unknown
	Minimum pool size: undefined/unknown
	Maximum pool size: undefined/unknown
2025-05-14T15:34:29.403+07:00 DEBUG 3748 --- [Premier] [           main] o.h.t.d.jdbc.spi.JdbcTypeRegistry        : addDescriptor(2004, BlobTypeDescriptor(PRIMITIVE_ARRAY_BINDING)) replaced previous registration(BlobTypeDescriptor(DEFAULT))
2025-05-14T15:34:29.404+07:00 DEBUG 3748 --- [Premier] [           main] o.h.t.d.jdbc.spi.JdbcTypeRegistry        : addDescriptor(2005, ClobTypeDescriptor(STRING_BINDING)) replaced previous registration(ClobTypeDescriptor(DEFAULT))
2025-05-14T15:34:29.406+07:00 DEBUG 3748 --- [Premier] [           main] org.hibernate.type.BasicTypeRegistry     : Adding type registration org.hibernate.type.DurationType -> basicType@1(java.time.Duration,3015)
2025-05-14T15:34:29.406+07:00 DEBUG 3748 --- [Premier] [           main] org.hibernate.type.BasicTypeRegistry     : Adding type registration Duration -> basicType@1(java.time.Duration,3015)
2025-05-14T15:34:29.406+07:00 DEBUG 3748 --- [Premier] [           main] org.hibernate.type.BasicTypeRegistry     : Adding type registration java.time.Duration -> basicType@1(java.time.Duration,3015)
2025-05-14T15:34:29.408+07:00 DEBUG 3748 --- [Premier] [           main] org.hibernate.type.BasicTypeRegistry     : Adding type registration org.hibernate.type.OffsetDateTimeType -> basicType@2(java.time.OffsetDateTime,3003)
2025-05-14T15:34:29.408+07:00 DEBUG 3748 --- [Premier] [           main] org.hibernate.type.BasicTypeRegistry     : Adding type registration OffsetDateTime -> basicType@2(java.time.OffsetDateTime,3003)
2025-05-14T15:34:29.409+07:00 DEBUG 3748 --- [Premier] [           main] org.hibernate.type.BasicTypeRegistry     : Adding type registration java.time.OffsetDateTime -> basicType@2(java.time.OffsetDateTime,3003)
[...]
2025-05-14T15:34:33.335+07:00 DEBUG 3748 --- [Premier] [           main] org.hibernate.orm.results.graph.AST      : DomainResult Graph:
 \-EntityResultImpl [com.thanhvu.Premier.entity.User(2)]
 |  +-BasicFetch [com.thanhvu.Premier.entity.User(2).name]
 |  +-BasicFetch [com.thanhvu.Premier.entity.User(2).password]
 |  +-BasicFetch [com.thanhvu.Premier.entity.User(2).roles]
 |  \-BasicFetch [com.thanhvu.Premier.entity.User(2).username]

2025-05-14T15:34:33.335+07:00 DEBUG 3748 --- [Premier] [           main] org.hibernate.orm.sql.ast.tree           : SQL AST Tree:
    SelectStatement {
      FromClause {
        StandardTableGroup (u1 : com.thanhvu.Premier.entity.User(2)) {
          primaryTableReference : users as u1_0
        }
      }
    }

2025-05-14T15:34:33.344+07:00 DEBUG 3748 --- [Premier] [           main] org.hibernate.orm.sql.exec               : Skipping reading Query result cache data: cache-enabled = false, cache-mode = NORMAL
2025-05-14T15:34:33.346+07:00 DEBUG 3748 --- [Premier] [           main] org.hibernate.SQL                        : select u1_0.user_id,u1_0.name,u1_0.password,u1_0.roles,u1_0.username from users u1_0 where u1_0.username=?
2025-05-14T15:34:33.360+07:00 DEBUG 3748 --- [Premier] [           main] org.hibernate.orm.results                : Initializer list:
	  com.thanhvu.Premier.entity.User(2) -> EntityJoinedFetchInitializer(com.thanhvu.Premier.entity.User(2))@75703024 (SingleTableEntityPersister(com.thanhvu.Premier.entity.User))

2025-05-14T15:34:33.375+07:00 DEBUG 3748 --- [Premier] [           main] o.s.boot.devtools.restart.Restarter      : Creating new Restarter for thread Thread[#1,main,5,main]
2025-05-14T15:34:33.377+07:00 DEBUG 3748 --- [Premier] [           main] o.s.b.a.ApplicationAvailabilityBean      : Application availability state ReadinessState changed to ACCEPTING_TRAFFIC
2025-05-14T15:34:33.380+07:00 DEBUG 3748 --- [Premier] [           main] org.springframework.test.context.cache   : Spring test ApplicationContext cache statistics: [DefaultContextCache@5467016f size = 1, maxSize = 32, parentContextCount = 0, hitCount = 0, missCount = 1, failureCount = 0]
2025-05-14T15:34:33.380+07:00 DEBUG 3748 --- [Premier] [           main] o.s.t.c.w.ServletTestExecutionListener   : Setting up MockHttpServletRequest, MockHttpServletResponse, ServletWebRequest, and RequestContextHolder for test class com.thanhvu.Premier.PremierApplicationTests
2025-05-14T15:34:33.387+07:00 DEBUG 3748 --- [Premier] [           main] DependencyInjectionTestExecutionListener : Performing dependency injection for test class com.thanhvu.Premier.PremierApplicationTests
2025-05-14T15:34:33.388+07:00 DEBUG 3748 --- [Premier] [           main] org.springframework.test.context.cache   : Spring test ApplicationContext cache statistics: [DefaultContextCache@5467016f size = 1, maxSize = 32, parentContextCount = 0, hitCount = 1, missCount = 1, failureCount = 0]
2025-05-14T15:34:33.388+07:00 DEBUG 3748 --- [Premier] [           main] org.springframework.test.context.cache   : Spring test ApplicationContext cache statistics: [DefaultContextCache@5467016f size = 1, maxSize = 32, parentContextCount = 0, hitCount = 2, missCount = 1, failureCount = 0]
2025-05-14T15:34:33.392+07:00 DEBUG 3748 --- [Premier] [           main] sContextBeforeModesTestExecutionListener : Before test method: class [PremierApplicationTests], method [contextLoads], class annotated with @DirtiesContext [false] with mode [null], method annotated with @DirtiesContext [false] with mode [null]
2025-05-14T15:34:33.393+07:00 DEBUG 3748 --- [Premier] [           main] org.springframework.test.context.cache   : Spring test ApplicationContext cache statistics: [DefaultContextCache@5467016f size = 1, maxSize = 32, parentContextCount = 0, hitCount = 3, missCount = 1, failureCount = 0]
2025-05-14T15:34:33.393+07:00 DEBUG 3748 --- [Premier] [           main] org.springframework.test.context.cache   : Spring test ApplicationContext cache statistics: [DefaultContextCache@5467016f size = 1, maxSize = 32, parentContextCount = 0, hitCount = 4, missCount = 1, failureCount = 0]
2025-05-14T15:34:33.424+07:00 DEBUG 3748 --- [Premier] [           main] java.lang.ProcessBuilder                 : ProcessBuilder.start(): pid: 9508, dir: null, cmd: "D:\environment\JDK21\bin\java.exe"

java.lang.RuntimeException: ProcessBuilder.start() debug
	at java.base/java.lang.ProcessBuilder.start(ProcessBuilder.java:1147) ~[na:na]
	at java.base/java.lang.ProcessBuilder.start(ProcessBuilder.java:1089) ~[na:na]
	at net.bytebuddy.agent.ByteBuddyAgent.installExternal(ByteBuddyAgent.java:673) ~[byte-buddy-agent-1.15.11.jar:na]
	at net.bytebuddy.agent.ByteBuddyAgent.install(ByteBuddyAgent.java:604) ~[byte-buddy-agent-1.15.11.jar:na]
	at net.bytebuddy.agent.ByteBuddyAgent.install(ByteBuddyAgent.java:584) ~[byte-buddy-agent-1.15.11.jar:na]
	at net.bytebuddy.agent.ByteBuddyAgent.install(ByteBuddyAgent.java:536) ~[byte-buddy-agent-1.15.11.jar:na]
	at net.bytebuddy.agent.ByteBuddyAgent.install(ByteBuddyAgent.java:513) ~[byte-buddy-agent-1.15.11.jar:na]
	at org.mockito.internal.PremainAttachAccess.getInstrumentation(PremainAttachAccess.java:49) ~[mockito-core-5.14.2.jar:na]
	at org.mockito.internal.creation.bytebuddy.InlineDelegateByteBuddyMockMaker.<clinit>(InlineDelegateByteBuddyMockMaker.java:138) ~[mockito-core-5.14.2.jar:na]
	at org.mockito.internal.creation.bytebuddy.InlineByteBuddyMockMaker.<init>(InlineByteBuddyMockMaker.java:23) ~[mockito-core-5.14.2.jar:na]
	at java.base/jdk.internal.reflect.DirectConstructorHandleAccessor.newInstance(DirectConstructorHandleAccessor.java:62) ~[na:na]
	at java.base/java.lang.reflect.Constructor.newInstanceWithCaller(Constructor.java:502) ~[na:na]
	at java.base/java.lang.reflect.Constructor.newInstance(Constructor.java:486) ~[na:na]
	at org.mockito.internal.configuration.plugins.DefaultMockitoPlugins.create(DefaultMockitoPlugins.java:103) ~[mockito-core-5.14.2.jar:na]
	at org.mockito.internal.configuration.plugins.DefaultMockitoPlugins.getDefaultPlugin(DefaultMockitoPlugins.java:79) ~[mockito-core-5.14.2.jar:na]
	at org.mockito.internal.configuration.plugins.PluginLoader.loadPlugin(PluginLoader.java:75) ~[mockito-core-5.14.2.jar:na]
	at org.mockito.internal.configuration.plugins.PluginLoader.loadPlugin(PluginLoader.java:49) ~[mockito-core-5.14.2.jar:na]
	at org.mockito.internal.configuration.plugins.PluginRegistry.<init>(PluginRegistry.java:29) ~[mockito-core-5.14.2.jar:na]
	at org.mockito.internal.configuration.plugins.Plugins.<clinit>(Plugins.java:26) ~[mockito-core-5.14.2.jar:na]
	at org.mockito.internal.MockitoCore.<clinit>(MockitoCore.java:71) ~[mockito-core-5.14.2.jar:na]
	at org.mockito.Mockito.<clinit>(Mockito.java:1741) ~[mockito-core-5.14.2.jar:na]
	at org.springframework.boot.test.mock.mockito.MockReset.get(MockReset.java:109) ~[spring-boot-test-3.4.4.jar:3.4.4]
	at org.springframework.boot.test.mock.mockito.ResetMocksTestExecutionListener.resetMocks(ResetMocksTestExecutionListener.java:89) ~[spring-boot-test-3.4.4.jar:3.4.4]
	at org.springframework.boot.test.mock.mockito.ResetMocksTestExecutionListener.resetMocks(ResetMocksTestExecutionListener.java:77) ~[spring-boot-test-3.4.4.jar:3.4.4]
	at org.springframework.boot.test.mock.mockito.ResetMocksTestExecutionListener.beforeTestMethod(ResetMocksTestExecutionListener.java:64) ~[spring-boot-test-3.4.4.jar:3.4.4]
	at org.springframework.test.context.TestContextManager.beforeTestMethod(TestContextManager.java:320) ~[spring-test-6.2.5.jar:6.2.5]
	at org.springframework.test.context.junit.jupiter.SpringExtension.beforeEach(SpringExtension.java:237) ~[spring-test-6.2.5.jar:6.2.5]
	at org.junit.jupiter.engine.descriptor.TestMethodTestDescriptor.lambda$invokeBeforeEachCallbacks$3(TestMethodTestDescriptor.java:166) ~[junit-jupiter-engine-5.11.4.jar:5.11.4]
	at org.junit.jupiter.engine.descriptor.TestMethodTestDescriptor.lambda$invokeBeforeMethodsOrCallbacksUntilExceptionOccurs$7(TestMethodTestDescriptor.java:202) ~[junit-jupiter-engine-5.11.4.jar:5.11.4]
	at org.junit.platform.engine.support.hierarchical.ThrowableCollector.execute(ThrowableCollector.java:73) ~[junit-platform-engine-1.11.4.jar:1.11.4]
	at org.junit.jupiter.engine.descriptor.TestMethodTestDescriptor.invokeBeforeMethodsOrCallbacksUntilExceptionOccurs(TestMethodTestDescriptor.java:202) ~[junit-jupiter-engine-5.11.4.jar:5.11.4]
	at org.junit.jupiter.engine.descriptor.TestMethodTestDescriptor.invokeBeforeEachCallbacks(TestMethodTestDescriptor.java:165) ~[junit-jupiter-engine-5.11.4.jar:5.11.4]
	at org.junit.jupiter.engine.descriptor.TestMethodTestDescriptor.execute(TestMethodTestDescriptor.java:132) ~[junit-jupiter-engine-5.11.4.jar:5.11.4]
	at org.junit.jupiter.engine.descriptor.TestMethodTestDescriptor.execute(TestMethodTestDescriptor.java:68) ~[junit-jupiter-engine-5.11.4.jar:5.11.4]
	at org.junit.platform.engine.support.hierarchical.NodeTestTask.lambda$executeRecursively$6(NodeTestTask.java:156) ~[junit-platform-engine-1.11.4.jar:1.11.4]
	at org.junit.platform.engine.support.hierarchical.ThrowableCollector.execute(ThrowableCollector.java:73) ~[junit-platform-engine-1.11.4.jar:1.11.4]
	at org.junit.platform.engine.support.hierarchical.NodeTestTask.lambda$executeRecursively$8(NodeTestTask.java:146) ~[junit-platform-engine-1.11.4.jar:1.11.4]
	at org.junit.platform.engine.support.hierarchical.Node.around(Node.java:137) ~[junit-platform-engine-1.11.4.jar:1.11.4]
	at org.junit.platform.engine.support.hierarchical.NodeTestTask.lambda$executeRecursively$9(NodeTestTask.java:144) ~[junit-platform-engine-1.11.4.jar:1.11.4]
	at org.junit.platform.engine.support.hierarchical.ThrowableCollector.execute(ThrowableCollector.java:73) ~[junit-platform-engine-1.11.4.jar:1.11.4]
	at org.junit.platform.engine.support.hierarchical.NodeTestTask.executeRecursively(NodeTestTask.java:143) ~[junit-platform-engine-1.11.4.jar:1.11.4]
	at org.junit.platform.engine.support.hierarchical.NodeTestTask.execute(NodeTestTask.java:100) ~[junit-platform-engine-1.11.4.jar:1.11.4]
	at java.base/java.util.ArrayList.forEach(ArrayList.java:1596) ~[na:na]
	at org.junit.platform.engine.support.hierarchical.SameThreadHierarchicalTestExecutorService.invokeAll(SameThreadHierarchicalTestExecutorService.java:41) ~[junit-platform-engine-1.11.4.jar:1.11.4]
	at org.junit.platform.engine.support.hierarchical.NodeTestTask.lambda$executeRecursively$6(NodeTestTask.java:160) ~[junit-platform-engine-1.11.4.jar:1.11.4]
	at org.junit.platform.engine.support.hierarchical.ThrowableCollector.execute(ThrowableCollector.java:73) ~[junit-platform-engine-1.11.4.jar:1.11.4]
	at org.junit.platform.engine.support.hierarchical.NodeTestTask.lambda$executeRecursively$8(NodeTestTask.java:146) ~[junit-platform-engine-1.11.4.jar:1.11.4]
	at org.junit.platform.engine.support.hierarchical.Node.around(Node.java:137) ~[junit-platform-engine-1.11.4.jar:1.11.4]
	at org.junit.platform.engine.support.hierarchical.NodeTestTask.lambda$executeRecursively$9(NodeTestTask.java:144) ~[junit-platform-engine-1.11.4.jar:1.11.4]
	at org.junit.platform.engine.support.hierarchical.ThrowableCollector.execute(ThrowableCollector.java:73) ~[junit-platform-engine-1.11.4.jar:1.11.4]
	at org.junit.platform.engine.support.hierarchical.NodeTestTask.executeRecursively(NodeTestTask.java:143) ~[junit-platform-engine-1.11.4.jar:1.11.4]
	at org.junit.platform.engine.support.hierarchical.NodeTestTask.execute(NodeTestTask.java:100) ~[junit-platform-engine-1.11.4.jar:1.11.4]
	at java.base/java.util.ArrayList.forEach(ArrayList.java:1596) ~[na:na]
	at org.junit.platform.engine.support.hierarchical.SameThreadHierarchicalTestExecutorService.invokeAll(SameThreadHierarchicalTestExecutorService.java:41) ~[junit-platform-engine-1.11.4.jar:1.11.4]
	at org.junit.platform.engine.support.hierarchical.NodeTestTask.lambda$executeRecursively$6(NodeTestTask.java:160) ~[junit-platform-engine-1.11.4.jar:1.11.4]
	at org.junit.platform.engine.support.hierarchical.ThrowableCollector.execute(ThrowableCollector.java:73) ~[junit-platform-engine-1.11.4.jar:1.11.4]
	at org.junit.platform.engine.support.hierarchical.NodeTestTask.lambda$executeRecursively$8(NodeTestTask.java:146) ~[junit-platform-engine-1.11.4.jar:1.11.4]
	at org.junit.platform.engine.support.hierarchical.Node.around(Node.java:137) ~[junit-platform-engine-1.11.4.jar:1.11.4]
	at org.junit.platform.engine.support.hierarchical.NodeTestTask.lambda$executeRecursively$9(NodeTestTask.java:144) ~[junit-platform-engine-1.11.4.jar:1.11.4]
	at org.junit.platform.engine.support.hierarchical.ThrowableCollector.execute(ThrowableCollector.java:73) ~[junit-platform-engine-1.11.4.jar:1.11.4]
	at org.junit.platform.engine.support.hierarchical.NodeTestTask.executeRecursively(NodeTestTask.java:143) ~[junit-platform-engine-1.11.4.jar:1.11.4]
	at org.junit.platform.engine.support.hierarchical.NodeTestTask.execute(NodeTestTask.java:100) ~[junit-platform-engine-1.11.4.jar:1.11.4]
	at org.junit.platform.engine.support.hierarchical.SameThreadHierarchicalTestExecutorService.submit(SameThreadHierarchicalTestExecutorService.java:35) ~[junit-platform-engine-1.11.4.jar:1.11.4]
	at org.junit.platform.engine.support.hierarchical.HierarchicalTestExecutor.execute(HierarchicalTestExecutor.java:57) ~[junit-platform-engine-1.11.4.jar:1.11.4]
	at org.junit.platform.engine.support.hierarchical.HierarchicalTestEngine.execute(HierarchicalTestEngine.java:54) ~[junit-platform-engine-1.11.4.jar:1.11.4]
	at org.junit.platform.launcher.core.EngineExecutionOrchestrator.execute(EngineExecutionOrchestrator.java:198) ~[junit-platform-launcher-1.11.4.jar:1.11.4]
	at org.junit.platform.launcher.core.EngineExecutionOrchestrator.execute(EngineExecutionOrchestrator.java:169) ~[junit-platform-launcher-1.11.4.jar:1.11.4]
	at org.junit.platform.launcher.core.EngineExecutionOrchestrator.execute(EngineExecutionOrchestrator.java:93) ~[junit-platform-launcher-1.11.4.jar:1.11.4]
	at org.junit.platform.launcher.core.EngineExecutionOrchestrator.lambda$execute$0(EngineExecutionOrchestrator.java:58) ~[junit-platform-launcher-1.11.4.jar:1.11.4]
	at org.junit.platform.launcher.core.EngineExecutionOrchestrator.withInterceptedStreams(EngineExecutionOrchestrator.java:141) ~[junit-platform-launcher-1.11.4.jar:1.11.4]
	at org.junit.platform.launcher.core.EngineExecutionOrchestrator.execute(EngineExecutionOrchestrator.java:57) ~[junit-platform-launcher-1.11.4.jar:1.11.4]
	at org.junit.platform.launcher.core.DefaultLauncher.execute(DefaultLauncher.java:103) ~[junit-platform-launcher-1.11.4.jar:1.11.4]
	at org.junit.platform.launcher.core.DefaultLauncher.execute(DefaultLauncher.java:85) ~[junit-platform-launcher-1.11.4.jar:1.11.4]
	at org.junit.platform.launcher.core.DelegatingLauncher.execute(DelegatingLauncher.java:47) ~[junit-platform-launcher-1.11.4.jar:1.11.4]
	at org.apache.maven.surefire.junitplatform.LazyLauncher.execute(LazyLauncher.java:56) ~[surefire-junit-platform-3.5.2.jar:3.5.2]
	at org.apache.maven.surefire.junitplatform.JUnitPlatformProvider.execute(JUnitPlatformProvider.java:184) ~[surefire-junit-platform-3.5.2.jar:3.5.2]
	at org.apache.maven.surefire.junitplatform.JUnitPlatformProvider.invokeAllTests(JUnitPlatformProvider.java:148) ~[surefire-junit-platform-3.5.2.jar:3.5.2]
	at org.apache.maven.surefire.junitplatform.JUnitPlatformProvider.invoke(JUnitPlatformProvider.java:122) ~[surefire-junit-platform-3.5.2.jar:3.5.2]
	at org.apache.maven.surefire.booter.ForkedBooter.runSuitesInProcess(ForkedBooter.java:385) ~[surefire-booter-3.5.2.jar:3.5.2]
	at org.apache.maven.surefire.booter.ForkedBooter.execute(ForkedBooter.java:162) ~[surefire-booter-3.5.2.jar:3.5.2]
	at org.apache.maven.surefire.booter.ForkedBooter.run(ForkedBooter.java:507) ~[surefire-booter-3.5.2.jar:3.5.2]
	at org.apache.maven.surefire.booter.ForkedBooter.main(ForkedBooter.java:495) ~[surefire-booter-3.5.2.jar:3.5.2]

2025-05-14T15:34:33.802+07:00 DEBUG 3748 --- [Premier] [           main] org.springframework.test.context.cache   : Spring test ApplicationContext cache statistics: [DefaultContextCache@5467016f size = 1, maxSize = 32, parentContextCount = 0, hitCount = 5, missCount = 1, failureCount = 0]
2025-05-14T15:34:33.805+07:00 DEBUG 3748 --- [Premier] [           main] org.springframework.test.context.cache   : Spring test ApplicationContext cache statistics: [DefaultContextCache@5467016f size = 1, maxSize = 32, parentContextCount = 0, hitCount = 6, missCount = 1, failureCount = 0]
2025-05-14T15:34:33.808+07:00 DEBUG 3748 --- [Premier] [           main] org.springframework.test.context.cache   : Spring test ApplicationContext cache statistics: [DefaultContextCache@5467016f size = 1, maxSize = 32, parentContextCount = 0, hitCount = 7, missCount = 1, failureCount = 0]
2025-05-14T15:34:33.809+07:00 DEBUG 3748 --- [Premier] [           main] org.springframework.test.context.cache   : Spring test ApplicationContext cache statistics: [DefaultContextCache@5467016f size = 1, maxSize = 32, parentContextCount = 0, hitCount = 8, missCount = 1, failureCount = 0]
2025-05-14T15:34:33.810+07:00 DEBUG 3748 --- [Premier] [           main] org.springframework.test.context.cache   : Spring test ApplicationContext cache statistics: [DefaultContextCache@5467016f size = 1, maxSize = 32, parentContextCount = 0, hitCount = 9, missCount = 1, failureCount = 0]
2025-05-14T15:34:33.810+07:00 DEBUG 3748 --- [Premier] [           main] org.springframework.test.context.cache   : Spring test ApplicationContext cache statistics: [DefaultContextCache@5467016f size = 1, maxSize = 32, parentContextCount = 0, hitCount = 10, missCount = 1, failureCount = 0]
2025-05-14T15:34:33.811+07:00 DEBUG 3748 --- [Premier] [           main] org.springframework.test.context.cache   : Spring test ApplicationContext cache statistics: [DefaultContextCache@5467016f size = 1, maxSize = 32, parentContextCount = 0, hitCount = 11, missCount = 1, failureCount = 0]
2025-05-14T15:34:33.812+07:00 DEBUG 3748 --- [Premier] [           main] org.springframework.test.context.cache   : Spring test ApplicationContext cache statistics: [DefaultContextCache@5467016f size = 1, maxSize = 32, parentContextCount = 0, hitCount = 12, missCount = 1, failureCount = 0]
2025-05-14T15:34:33.812+07:00 DEBUG 3748 --- [Premier] [           main] org.springframework.test.context.cache   : Spring test ApplicationContext cache statistics: [DefaultContextCache@5467016f size = 1, maxSize = 32, parentContextCount = 0, hitCount = 13, missCount = 1, failureCount = 0]
2025-05-14T15:34:33.814+07:00 DEBUG 3748 --- [Premier] [           main] .c.s.DirtiesContextTestExecutionListener : After test method: class [PremierApplicationTests], method [contextLoads], class annotated with @DirtiesContext [false] with mode [null], method annotated with @DirtiesContext [false] with mode [null]
2025-05-14T15:34:33.814+07:00 DEBUG 3748 --- [Premier] [           main] o.s.t.c.w.ServletTestExecutionListener   : Resetting RequestContextHolder for test class com.thanhvu.Premier.PremierApplicationTests
]]></system-out>
    <system-err><![CDATA[Mockito is currently self-attaching to enable the inline-mock-maker. This will no longer work in future releases of the JDK. Please add Mockito as an agent to your build what is described in Mockito's documentation: https://javadoc.io/doc/org.mockito/mockito-core/latest/org/mockito/Mockito.html#0.3
WARNING: A Java agent has been loaded dynamically (C:\Users\ThanhVu\.m2\repository\net\bytebuddy\byte-buddy-agent\1.15.11\byte-buddy-agent-1.15.11.jar)
WARNING: If a serviceability tool is in use, please run with -XX:+EnableDynamicAgentLoading to hide this warning
WARNING: If a serviceability tool is not in use, please run with -Djdk.instrument.traceUsage for more information
WARNING: Dynamic loading of agents will be disallowed by default in a future release
]]></system-err>
  </testcase>
</testsuite>